#
# There is insufficient memory for the Java Runtime Environment to continue.
# Native memory allocation (malloc) failed to allocate 1599536 bytes for Chunk::new
# Possible reasons:
#   The system is out of physical RAM or swap space
#   The process is running with CompressedOops enabled, and the Java Heap may be blocking the growth of the native heap
# Possible solutions:
#   Reduce memory load on the system
#   Increase physical memory or swap space
#   Check if swap backing store is full
#   Decrease Java heap size (-Xmx/-Xms)
#   Decrease number of Java threads
#   Decrease Java thread stack sizes (-Xss)
#   Set larger code cache with -XX:ReservedCodeCacheSize=
#   JVM is running with Unscaled Compressed Oops mode in which the Java heap is
#     placed in the first 4GB address space. The Java Heap base address is the
#     maximum limit for the native heap growth. Please use -XX:HeapBaseMinAddress
#     to set the Java Heap base and to place the Java Heap above 4GB virtual address.
# This output file may be truncated or incomplete.
#
#  Out of Memory Error (arena.cpp:189), pid=28932, tid=30500
#
# JRE version: Java(TM) SE Runtime Environment (17.0.2+8) (build 17.0.2+8-LTS-86)
# Java VM: Java HotSpot(TM) 64-Bit Server VM (17.0.2+8-LTS-86, mixed mode, sharing, tiered, compressed oops, compressed class ptrs, g1 gc, windows-amd64)
# No core dump will be written. Minidumps are not enabled by default on client versions of Windows
#

---------------  S U M M A R Y ------------

Command Line: --add-opens=java.base/java.util=ALL-UNNAMED --add-opens=java.base/java.lang=ALL-UNNAMED --add-opens=java.base/java.lang.invoke=ALL-UNNAMED --add-opens=java.base/java.util=ALL-UNNAMED --add-opens=java.prefs/java.util.prefs=ALL-UNNAMED --add-opens=java.prefs/java.util.prefs=ALL-UNNAMED --add-opens=java.base/java.nio.charset=ALL-UNNAMED --add-opens=java.base/java.net=ALL-UNNAMED --add-opens=java.base/java.util.concurrent.atomic=ALL-UNNAMED -Xmx2048m -Dfile.encoding=UTF-8 -Duser.country=SG -Duser.language=en -Duser.variant org.gradle.launcher.daemon.bootstrap.GradleDaemon 7.2

Host: Intel(R) Core(TM) i5-8350U CPU @ 1.70GHz, 8 cores, 23G,  Windows 10 , 64 bit Build 19041 (10.0.19041.1566)
Time: Fri Mar 25 21:19:44 2022 Malay Peninsula Standard Time elapsed time: 20.957100 seconds (0d 0h 0m 20s)

---------------  T H R E A D  ---------------

Current thread (0x0000025251a80760):  JavaThread "C2 CompilerThread1" daemon [_thread_in_native, id=30500, stack(0x000000db9b700000,0x000000db9b800000)]


Current CompileTask:
C2:  20957 9130   !   4       org.gradle.api.internal.attributes.DefaultImmutableAttributesFactory::doConcatIsolatable (128 bytes)

Stack: [0x000000db9b700000,0x000000db9b800000]
Native frames: (J=compiled Java code, j=interpreted, Vv=VM code, C=native code)
V  [jvm.dll+0x670baa]
V  [jvm.dll+0x7cfcb4]
V  [jvm.dll+0x7d145e]
V  [jvm.dll+0x7d1ac3]
V  [jvm.dll+0x242bc5]
V  [jvm.dll+0xaa57b]
V  [jvm.dll+0xaab0c]
V  [jvm.dll+0x35fcb2]
V  [jvm.dll+0x32a331]
V  [jvm.dll+0x3297da]
V  [jvm.dll+0x215c91]
V  [jvm.dll+0x2150b1]
V  [jvm.dll+0x1a1bbd]
V  [jvm.dll+0x224908]
V  [jvm.dll+0x222a6c]
V  [jvm.dll+0x7859bb]
V  [jvm.dll+0x77ff7a]
V  [jvm.dll+0x66fa35]
C  [ucrtbase.dll+0x21bb2]
C  [KERNEL32.DLL+0x17034]
C  [ntdll.dll+0x52651]


---------------  P R O C E S S  ---------------

Threads class SMR info:
_java_thread_list=0x0000025253c14f20, length=135, elements={
0x000002522fa55550, 0x000002524dc57a90, 0x000002524dc58810, 0x000002524e80ad60,
0x000002524e80c830, 0x000002524e80f100, 0x000002524e80f9c0, 0x000002524e810660,
0x000002524e812020, 0x000002524e8490d0, 0x000002524e9596b0, 0x000002524e95cba0,
0x0000025250098730, 0x0000025250b992e0, 0x000002525031e020, 0x000002524ffeaf90,
0x000002524ffeb460, 0x000002524fe28dd0, 0x000002524fe292a0, 0x00000252509c9060,
0x00000252509cad40, 0x00000252509cc550, 0x00000252509ca3a0, 0x00000252509cb210,
0x00000252509cb6e0, 0x00000252509ca870, 0x00000252509c9a00, 0x00000252509cbbb0,
0x00000252509cc080, 0x00000252509cca20, 0x00000252509c9ed0, 0x0000025251ad27b0,
0x0000025251ad3620, 0x0000025251ad3fc0, 0x0000025251ad1e10, 0x0000025251ad4490,
0x0000025251ad4960, 0x0000025254372f50, 0x0000025254371270, 0x00000252543720e0,
0x00000252543725b0, 0x0000025254372a80, 0x000002525436dd80, 0x0000025254373420,
0x00000252543738f0, 0x000002525436e250, 0x0000025254373dc0, 0x000002525436ff30,
0x0000025254374290, 0x0000025254370da0, 0x000002525436e720, 0x00000252543708d0,
0x000002525436ca40, 0x0000025254371740, 0x000002525436ebf0, 0x000002525436f590,
0x000002525436cf10, 0x000002525436f0c0, 0x000002525436fa60, 0x0000025254371c10,
0x0000025254370400, 0x000002525436d3e0, 0x000002525436d8b0, 0x0000025251f4fd80,
0x0000025251f4ea40, 0x0000025251f50bf0, 0x0000025251f4f8b0, 0x0000025251f50250,
0x0000025251f4e570, 0x0000025251f510c0, 0x0000025251f50720, 0x0000025251f49870,
0x0000025251f49d40, 0x0000025251f4cd60, 0x0000025251f4c890, 0x0000025251f4dbd0,
0x0000025251f4a210, 0x0000025251f4ef10, 0x0000025251f4e0a0, 0x0000025251f4ba20,
0x0000025251f4a6e0, 0x0000025251f4abb0, 0x0000025251f4b080, 0x0000025251f4c3c0,
0x0000025251f4b550, 0x0000025251f4bef0, 0x0000025251f4d230, 0x0000025251f4f3e0,
0x0000025251f4d700, 0x0000025250d74350, 0x0000025250d76ea0, 0x0000025250d7b200,
0x0000025250d7b6d0, 0x0000025250d77840, 0x0000025250d75690, 0x0000025250d74820,
0x0000025250d77370, 0x0000025250d77d10, 0x0000025250d79520, 0x0000025250d78b80,
0x0000025250d769d0, 0x0000025250d7bba0, 0x0000025250d7a860, 0x0000025250d799f0,
0x0000025250d76500, 0x0000025250d74cf0, 0x0000025250d79ec0, 0x0000025250d75b60,
0x0000025250d781e0, 0x0000025250d79050, 0x0000025250d76030, 0x0000025250d751c0,
0x0000025250d7a390, 0x0000025250d786b0, 0x0000025250d7ad30, 0x0000025251f5d9b0,
0x0000025251f60030, 0x0000025251f59650, 0x0000025251f5b800, 0x0000025251f5de80,
0x0000025251f5c1a0, 0x0000025251f5e350, 0x0000025251f5d4e0, 0x0000025251f5ecf0,
0x0000025251f5f690, 0x0000025251f5a990, 0x0000025251f5ae60, 0x0000025251f587e0,
0x0000025251f5bcd0, 0x0000025251f5b330, 0x0000025251f58cb0, 0x0000025251f5c670,
0x0000025251f59180, 0x0000025251a80760, 0x0000025255510d00
}

Java Threads: ( => current thread )
  0x000002522fa55550 JavaThread "main" [_thread_blocked, id=29836, stack(0x000000db99000000,0x000000db99100000)]
  0x000002524dc57a90 JavaThread "Reference Handler" daemon [_thread_blocked, id=29412, stack(0x000000db99700000,0x000000db99800000)]
  0x000002524dc58810 JavaThread "Finalizer" daemon [_thread_blocked, id=31616, stack(0x000000db99800000,0x000000db99900000)]
  0x000002524e80ad60 JavaThread "Signal Dispatcher" daemon [_thread_blocked, id=27136, stack(0x000000db99900000,0x000000db99a00000)]
  0x000002524e80c830 JavaThread "Attach Listener" daemon [_thread_blocked, id=700, stack(0x000000db99a00000,0x000000db99b00000)]
  0x000002524e80f100 JavaThread "Service Thread" daemon [_thread_blocked, id=29012, stack(0x000000db99b00000,0x000000db99c00000)]
  0x000002524e80f9c0 JavaThread "Monitor Deflation Thread" daemon [_thread_blocked, id=11756, stack(0x000000db99c00000,0x000000db99d00000)]
  0x000002524e810660 JavaThread "C2 CompilerThread0" daemon [_thread_in_native, id=29548, stack(0x000000db99d00000,0x000000db99e00000)]
  0x000002524e812020 JavaThread "C1 CompilerThread0" daemon [_thread_in_native, id=31364, stack(0x000000db99e00000,0x000000db99f00000)]
  0x000002524e8490d0 JavaThread "Sweeper thread" daemon [_thread_blocked, id=13260, stack(0x000000db99f00000,0x000000db9a000000)]
  0x000002524e9596b0 JavaThread "Common-Cleaner" daemon [_thread_blocked, id=10952, stack(0x000000db9a000000,0x000000db9a100000)]
  0x000002524e95cba0 JavaThread "Notification Thread" daemon [_thread_blocked, id=29064, stack(0x000000db9a100000,0x000000db9a200000)]
  0x0000025250098730 JavaThread "Daemon health stats" [_thread_blocked, id=23468, stack(0x000000db9ac00000,0x000000db9ad00000)]
  0x0000025250b992e0 JavaThread "Incoming local TCP Connector on port 52827" [_thread_in_native, id=21292, stack(0x000000db9a300000,0x000000db9a400000)]
  0x000002525031e020 JavaThread "Daemon periodic checks" [_thread_blocked, id=29608, stack(0x000000db9ab00000,0x000000db9ac00000)]
  0x000002524ffeaf90 JavaThread "Daemon" [_thread_blocked, id=28532, stack(0x000000db9ae00000,0x000000db9af00000)]
  0x000002524ffeb460 JavaThread "Handler for socket connection from /127.0.0.1:52827 to /127.0.0.1:52828" [_thread_in_native, id=23984, stack(0x000000db9af00000,0x000000db9b000000)]
  0x000002524fe28dd0 JavaThread "Cancel handler" [_thread_blocked, id=31848, stack(0x000000db9b000000,0x000000db9b100000)]
  0x000002524fe292a0 JavaThread "Daemon worker" [_thread_blocked, id=21212, stack(0x000000db9b100000,0x000000db9b200000)]
  0x00000252509c9060 JavaThread "Asynchronous log dispatcher for DefaultDaemonConnection: socket connection from /127.0.0.1:52827 to /127.0.0.1:52828" [_thread_blocked, id=19852, stack(0x000000db9b200000,0x000000db9b300000)]
  0x00000252509cad40 JavaThread "Stdin handler" [_thread_blocked, id=28900, stack(0x000000db9b300000,0x000000db9b400000)]
  0x00000252509cc550 JavaThread "Daemon client event forwarder" [_thread_blocked, id=32160, stack(0x000000db9b400000,0x000000db9b500000)]
  0x00000252509ca3a0 JavaThread "Cache worker for journal cache (C:\Users\h238397\.gradle\caches\journal-1)" [_thread_blocked, id=33708, stack(0x000000db9ad00000,0x000000db9ae00000)]
  0x00000252509cb210 JavaThread "File lock request listener" [_thread_in_native, id=12220, stack(0x000000db9b500000,0x000000db9b600000)]
  0x00000252509cb6e0 JavaThread "Cache worker for file hash cache (C:\Users\h238397\.gradle\caches\7.2\fileHashes)" [_thread_blocked, id=18468, stack(0x000000db9b600000,0x000000db9b700000)]
  0x00000252509ca870 JavaThread "Cache worker for file hash cache (C:\Users\h238397\source\repos-android\QRLable4PartIdentification\.gradle\7.2\fileHashes)" [_thread_blocked, id=21876, stack(0x000000db9b800000,0x000000db9b900000)]
  0x00000252509c9a00 JavaThread "File watcher server" daemon [_thread_in_native, id=17172, stack(0x000000db9ba00000,0x000000db9bb00000)]
  0x00000252509cbbb0 JavaThread "File watcher consumer" daemon [_thread_blocked, id=27844, stack(0x000000db9bb00000,0x000000db9bc00000)]
  0x00000252509cc080 JavaThread "Cache worker for checksums cache (C:\Users\h238397\source\repos-android\QRLable4PartIdentification\.gradle\checksums)" [_thread_blocked, id=33372, stack(0x000000db9bc00000,0x000000db9bd00000)]
  0x00000252509cca20 JavaThread "Cache worker for cache directory md-supplier (C:\Users\h238397\.gradle\caches\7.2\md-supplier)" [_thread_blocked, id=16432, stack(0x000000db9bd00000,0x000000db9be00000)]
  0x00000252509c9ed0 JavaThread "Cache worker for cache directory md-rule (C:\Users\h238397\.gradle\caches\7.2\md-rule)" [_thread_blocked, id=33484, stack(0x000000db9be00000,0x000000db9bf00000)]
  0x0000025251ad27b0 JavaThread "Cache worker for execution history cache (C:\Users\h238397\.gradle\caches\7.2\executionHistory)" [_thread_blocked, id=32640, stack(0x000000db9bf00000,0x000000db9c000000)]
  0x0000025251ad3620 JavaThread "jar transforms" [_thread_blocked, id=9296, stack(0x000000db9c100000,0x000000db9c200000)]
  0x0000025251ad3fc0 JavaThread "Cache worker for file content cache (C:\Users\h238397\.gradle\caches\7.2\fileContent)" [_thread_blocked, id=28696, stack(0x000000db9c200000,0x000000db9c300000)]
  0x0000025251ad1e10 JavaThread "jar transforms Thread 2" [_thread_blocked, id=32708, stack(0x000000db9c300000,0x000000db9c400000)]
  0x0000025251ad4490 JavaThread "Cache worker for dependencies-accessors (C:\Users\h238397\source\repos-android\QRLable4PartIdentification\.gradle\7.2\dependencies-accessors)" [_thread_blocked, id=33580, stack(0x000000db9c400000,0x000000db9c500000)]
  0x0000025251ad4960 JavaThread "jar transforms Thread 3" [_thread_blocked, id=32196, stack(0x000000db9c500000,0x000000db9c600000)]
  0x0000025254372f50 JavaThread "Cache worker for Build Output Cleanup Cache (C:\Users\h238397\source\repos-android\QRLable4PartIdentification\.gradle\buildOutputCleanup)" [_thread_blocked, id=644, stack(0x000000db9c600000,0x000000db9c700000)]
  0x0000025254371270 JavaThread "Unconstrained build operations" [_thread_blocked, id=32248, stack(0x000000db9c700000,0x000000db9c800000)]
  0x00000252543720e0 JavaThread "Unconstrained build operations Thread 2" [_thread_blocked, id=25152, stack(0x000000db9c800000,0x000000db9c900000)]
  0x00000252543725b0 JavaThread "Unconstrained build operations Thread 3" [_thread_blocked, id=12528, stack(0x000000db9c900000,0x000000db9ca00000)]
  0x0000025254372a80 JavaThread "Unconstrained build operations Thread 4" [_thread_blocked, id=4272, stack(0x000000db9ca00000,0x000000db9cb00000)]
  0x000002525436dd80 JavaThread "Unconstrained build operations Thread 5" [_thread_blocked, id=32312, stack(0x000000db9cb00000,0x000000db9cc00000)]
  0x0000025254373420 JavaThread "Unconstrained build operations Thread 6" [_thread_blocked, id=25284, stack(0x000000db9cc00000,0x000000db9cd00000)]
  0x00000252543738f0 JavaThread "Unconstrained build operations Thread 7" [_thread_blocked, id=20744, stack(0x000000db9cd00000,0x000000db9ce00000)]
  0x000002525436e250 JavaThread "Unconstrained build operations Thread 8" [_thread_blocked, id=16492, stack(0x000000db9ce00000,0x000000db9cf00000)]
  0x0000025254373dc0 JavaThread "Unconstrained build operations Thread 9" [_thread_in_native, id=21468, stack(0x000000db9cf00000,0x000000db9d000000)]
  0x000002525436ff30 JavaThread "Unconstrained build operations Thread 10" [_thread_blocked, id=26996, stack(0x000000db9d000000,0x000000db9d100000)]
  0x0000025254374290 JavaThread "Unconstrained build operations Thread 11" [_thread_blocked, id=31836, stack(0x000000db9d100000,0x000000db9d200000)]
  0x0000025254370da0 JavaThread "Unconstrained build operations Thread 12" [_thread_blocked, id=33160, stack(0x000000db9d200000,0x000000db9d300000)]
  0x000002525436e720 JavaThread "Unconstrained build operations Thread 13" [_thread_blocked, id=22248, stack(0x000000db9d300000,0x000000db9d400000)]
  0x00000252543708d0 JavaThread "Unconstrained build operations Thread 14" [_thread_blocked, id=728, stack(0x000000db9d400000,0x000000db9d500000)]
  0x000002525436ca40 JavaThread "Unconstrained build operations Thread 15" [_thread_blocked, id=32884, stack(0x000000db9d500000,0x000000db9d600000)]
  0x0000025254371740 JavaThread "Unconstrained build operations Thread 16" [_thread_blocked, id=21636, stack(0x000000db9d600000,0x000000db9d700000)]
  0x000002525436ebf0 JavaThread "Unconstrained build operations Thread 17" [_thread_blocked, id=30760, stack(0x000000db9d700000,0x000000db9d800000)]
  0x000002525436f590 JavaThread "Unconstrained build operations Thread 18" [_thread_blocked, id=7100, stack(0x000000db9d800000,0x000000db9d900000)]
  0x000002525436cf10 JavaThread "Unconstrained build operations Thread 19" [_thread_blocked, id=9900, stack(0x000000db9d900000,0x000000db9da00000)]
  0x000002525436f0c0 JavaThread "Unconstrained build operations Thread 20" [_thread_blocked, id=8448, stack(0x000000db9da00000,0x000000db9db00000)]
  0x000002525436fa60 JavaThread "Unconstrained build operations Thread 21" [_thread_blocked, id=10636, stack(0x000000db9db00000,0x000000db9dc00000)]
  0x0000025254371c10 JavaThread "Unconstrained build operations Thread 22" [_thread_blocked, id=30932, stack(0x000000db9dc00000,0x000000db9dd00000)]
  0x0000025254370400 JavaThread "Unconstrained build operations Thread 23" [_thread_blocked, id=25924, stack(0x000000db9dd00000,0x000000db9de00000)]
  0x000002525436d3e0 JavaThread "Unconstrained build operations Thread 24" [_thread_blocked, id=31672, stack(0x000000db9de00000,0x000000db9df00000)]
  0x000002525436d8b0 JavaThread "Unconstrained build operations Thread 25" [_thread_blocked, id=292, stack(0x000000db9df00000,0x000000db9e000000)]
  0x0000025251f4fd80 JavaThread "Unconstrained build operations Thread 26" [_thread_blocked, id=26680, stack(0x000000db9e000000,0x000000db9e100000)]
  0x0000025251f4ea40 JavaThread "Unconstrained build operations Thread 27" [_thread_blocked, id=21932, stack(0x000000db9e100000,0x000000db9e200000)]
  0x0000025251f50bf0 JavaThread "Unconstrained build operations Thread 28" [_thread_blocked, id=2504, stack(0x000000db9e200000,0x000000db9e300000)]
  0x0000025251f4f8b0 JavaThread "Unconstrained build operations Thread 29" [_thread_in_vm, id=17320, stack(0x000000db9e300000,0x000000db9e400000)]
  0x0000025251f50250 JavaThread "Unconstrained build operations Thread 30" [_thread_blocked, id=16256, stack(0x000000db9e400000,0x000000db9e500000)]
  0x0000025251f4e570 JavaThread "Unconstrained build operations Thread 31" [_thread_blocked, id=27144, stack(0x000000db9e500000,0x000000db9e600000)]
  0x0000025251f510c0 JavaThread "Unconstrained build operations Thread 32" [_thread_blocked, id=24420, stack(0x000000db9e600000,0x000000db9e700000)]
  0x0000025251f50720 JavaThread "Unconstrained build operations Thread 33" [_thread_blocked, id=23556, stack(0x000000db9e700000,0x000000db9e800000)]
  0x0000025251f49870 JavaThread "Unconstrained build operations Thread 34" [_thread_blocked, id=20492, stack(0x000000db9e800000,0x000000db9e900000)]
  0x0000025251f49d40 JavaThread "Unconstrained build operations Thread 35" [_thread_blocked, id=6504, stack(0x000000db9e900000,0x000000db9ea00000)]
  0x0000025251f4cd60 JavaThread "Unconstrained build operations Thread 36" [_thread_blocked, id=32208, stack(0x000000db9ea00000,0x000000db9eb00000)]
  0x0000025251f4c890 JavaThread "Unconstrained build operations Thread 37" [_thread_blocked, id=32992, stack(0x000000db9eb00000,0x000000db9ec00000)]
  0x0000025251f4dbd0 JavaThread "Unconstrained build operations Thread 38" [_thread_blocked, id=12184, stack(0x000000db9ec00000,0x000000db9ed00000)]
  0x0000025251f4a210 JavaThread "Unconstrained build operations Thread 39" [_thread_blocked, id=32952, stack(0x000000db9ed00000,0x000000db9ee00000)]
  0x0000025251f4ef10 JavaThread "Unconstrained build operations Thread 40" [_thread_blocked, id=32660, stack(0x000000db9ee00000,0x000000db9ef00000)]
  0x0000025251f4e0a0 JavaThread "Unconstrained build operations Thread 41" [_thread_blocked, id=31216, stack(0x000000db9ef00000,0x000000db9f000000)]
  0x0000025251f4ba20 JavaThread "Unconstrained build operations Thread 42" [_thread_in_Java, id=30236, stack(0x000000db9f000000,0x000000db9f100000)]
  0x0000025251f4a6e0 JavaThread "Unconstrained build operations Thread 43" [_thread_blocked, id=26876, stack(0x000000db9f100000,0x000000db9f200000)]
  0x0000025251f4abb0 JavaThread "Unconstrained build operations Thread 44" [_thread_blocked, id=5472, stack(0x000000db9f200000,0x000000db9f300000)]
  0x0000025251f4b080 JavaThread "Unconstrained build operations Thread 45" [_thread_blocked, id=5432, stack(0x000000db9f300000,0x000000db9f400000)]
  0x0000025251f4c3c0 JavaThread "Unconstrained build operations Thread 46" [_thread_blocked, id=24396, stack(0x000000db9f400000,0x000000db9f500000)]
  0x0000025251f4b550 JavaThread "Unconstrained build operations Thread 47" [_thread_blocked, id=18564, stack(0x000000db9f500000,0x000000db9f600000)]
  0x0000025251f4bef0 JavaThread "Unconstrained build operations Thread 48" [_thread_blocked, id=33492, stack(0x000000db9f600000,0x000000db9f700000)]
  0x0000025251f4d230 JavaThread "Unconstrained build operations Thread 49" [_thread_blocked, id=33376, stack(0x000000db9f700000,0x000000db9f800000)]
  0x0000025251f4f3e0 JavaThread "Unconstrained build operations Thread 50" [_thread_blocked, id=29300, stack(0x000000db9f800000,0x000000db9f900000)]
  0x0000025251f4d700 JavaThread "Unconstrained build operations Thread 51" [_thread_blocked, id=32576, stack(0x000000db9f900000,0x000000db9fa00000)]
  0x0000025250d74350 JavaThread "Unconstrained build operations Thread 52" [_thread_blocked, id=31700, stack(0x000000db9fa00000,0x000000db9fb00000)]
  0x0000025250d76ea0 JavaThread "Unconstrained build operations Thread 53" [_thread_blocked, id=12540, stack(0x000000db9fb00000,0x000000db9fc00000)]
  0x0000025250d7b200 JavaThread "Unconstrained build operations Thread 54" [_thread_blocked, id=1540, stack(0x000000db9fc00000,0x000000db9fd00000)]
  0x0000025250d7b6d0 JavaThread "Unconstrained build operations Thread 55" [_thread_blocked, id=23876, stack(0x000000db9fd00000,0x000000db9fe00000)]
  0x0000025250d77840 JavaThread "Unconstrained build operations Thread 56" [_thread_blocked, id=29524, stack(0x000000db9fe00000,0x000000db9ff00000)]
  0x0000025250d75690 JavaThread "Unconstrained build operations Thread 57" [_thread_blocked, id=16564, stack(0x000000db9ff00000,0x000000dba0000000)]
  0x0000025250d74820 JavaThread "Unconstrained build operations Thread 58" [_thread_blocked, id=15296, stack(0x000000dba0000000,0x000000dba0100000)]
  0x0000025250d77370 JavaThread "Unconstrained build operations Thread 59" [_thread_blocked, id=15400, stack(0x000000dba0100000,0x000000dba0200000)]
  0x0000025250d77d10 JavaThread "Unconstrained build operations Thread 60" [_thread_blocked, id=30384, stack(0x000000dba0200000,0x000000dba0300000)]
  0x0000025250d79520 JavaThread "Unconstrained build operations Thread 61" [_thread_blocked, id=31020, stack(0x000000dba0300000,0x000000dba0400000)]
  0x0000025250d78b80 JavaThread "Unconstrained build operations Thread 62" [_thread_blocked, id=25784, stack(0x000000dba0400000,0x000000dba0500000)]
  0x0000025250d769d0 JavaThread "Unconstrained build operations Thread 63" [_thread_blocked, id=4732, stack(0x000000dba0500000,0x000000dba0600000)]
  0x0000025250d7bba0 JavaThread "Unconstrained build operations Thread 64" [_thread_blocked, id=14844, stack(0x000000dba0600000,0x000000dba0700000)]
  0x0000025250d7a860 JavaThread "Unconstrained build operations Thread 65" [_thread_blocked, id=33720, stack(0x000000dba0700000,0x000000dba0800000)]
  0x0000025250d799f0 JavaThread "Unconstrained build operations Thread 66" [_thread_blocked, id=5776, stack(0x000000dba0800000,0x000000dba0900000)]
  0x0000025250d76500 JavaThread "Unconstrained build operations Thread 67" [_thread_blocked, id=30084, stack(0x000000dba0900000,0x000000dba0a00000)]
  0x0000025250d74cf0 JavaThread "Unconstrained build operations Thread 68" [_thread_blocked, id=3136, stack(0x000000dba0a00000,0x000000dba0b00000)]
  0x0000025250d79ec0 JavaThread "Unconstrained build operations Thread 69" [_thread_blocked, id=32604, stack(0x000000dba0b00000,0x000000dba0c00000)]
  0x0000025250d75b60 JavaThread "Unconstrained build operations Thread 70" [_thread_blocked, id=32340, stack(0x000000dba0c00000,0x000000dba0d00000)]
  0x0000025250d781e0 JavaThread "Unconstrained build operations Thread 71" [_thread_blocked, id=6680, stack(0x000000dba0d00000,0x000000dba0e00000)]
  0x0000025250d79050 JavaThread "Unconstrained build operations Thread 72" [_thread_blocked, id=4620, stack(0x000000dba0e00000,0x000000dba0f00000)]
  0x0000025250d76030 JavaThread "Unconstrained build operations Thread 73" [_thread_blocked, id=21356, stack(0x000000dba0f00000,0x000000dba1000000)]
  0x0000025250d751c0 JavaThread "Unconstrained build operations Thread 74" [_thread_blocked, id=30640, stack(0x000000dba1000000,0x000000dba1100000)]
  0x0000025250d7a390 JavaThread "Unconstrained build operations Thread 75" [_thread_in_Java, id=17144, stack(0x000000dba1100000,0x000000dba1200000)]
  0x0000025250d786b0 JavaThread "Unconstrained build operations Thread 76" [_thread_blocked, id=16788, stack(0x000000dba1200000,0x000000dba1300000)]
  0x0000025250d7ad30 JavaThread "Unconstrained build operations Thread 77" [_thread_in_native, id=32360, stack(0x000000dba1300000,0x000000dba1400000)]
  0x0000025251f5d9b0 JavaThread "Unconstrained build operations Thread 78" [_thread_blocked, id=32628, stack(0x000000dba1400000,0x000000dba1500000)]
  0x0000025251f60030 JavaThread "Unconstrained build operations Thread 79" [_thread_blocked, id=33300, stack(0x000000dba1500000,0x000000dba1600000)]
  0x0000025251f59650 JavaThread "Unconstrained build operations Thread 80" [_thread_blocked, id=31348, stack(0x000000dba1600000,0x000000dba1700000)]
  0x0000025251f5b800 JavaThread "jar transforms Thread 4" [_thread_blocked, id=30028, stack(0x000000dba1700000,0x000000dba1800000)]
  0x0000025251f5de80 JavaThread "jar transforms Thread 5" [_thread_blocked, id=24372, stack(0x000000dba1800000,0x000000dba1900000)]
  0x0000025251f5c1a0 JavaThread "jar transforms Thread 6" [_thread_blocked, id=15448, stack(0x000000dba1900000,0x000000dba1a00000)]
  0x0000025251f5e350 JavaThread "jar transforms Thread 7" [_thread_blocked, id=24832, stack(0x000000dba1a00000,0x000000dba1b00000)]
  0x0000025251f5d4e0 JavaThread "jar transforms Thread 8" [_thread_blocked, id=32620, stack(0x000000dba1b00000,0x000000dba1c00000)]
  0x0000025251f5ecf0 JavaThread "Memory manager" [_thread_blocked, id=32092, stack(0x000000dba1c00000,0x000000dba1d00000)]
  0x0000025251f5f690 JavaThread "build event listener" [_thread_blocked, id=2644, stack(0x000000dba1d00000,0x000000dba1e00000)]
  0x0000025251f5a990 JavaThread "Execution worker for ':'" [_thread_blocked, id=11848, stack(0x000000dba1e00000,0x000000dba1f00000)]
  0x0000025251f5ae60 JavaThread "Execution worker for ':' Thread 2" [_thread_blocked, id=33320, stack(0x000000dba1f00000,0x000000dba2000000)]
  0x0000025251f587e0 JavaThread "Execution worker for ':' Thread 3" [_thread_blocked, id=25268, stack(0x000000dba2000000,0x000000dba2100000)]
  0x0000025251f5bcd0 JavaThread "Execution worker for ':' Thread 4" [_thread_blocked, id=24496, stack(0x000000dba2100000,0x000000dba2200000)]
  0x0000025251f5b330 JavaThread "Execution worker for ':' Thread 5" [_thread_blocked, id=4148, stack(0x000000dba2200000,0x000000dba2300000)]
  0x0000025251f58cb0 JavaThread "Execution worker for ':' Thread 6" [_thread_blocked, id=31424, stack(0x000000dba2300000,0x000000dba2400000)]
  0x0000025251f5c670 JavaThread "Execution worker for ':' Thread 7" [_thread_blocked, id=32760, stack(0x000000dba2400000,0x000000dba2500000)]
  0x0000025251f59180 JavaThread "Cache worker for execution history cache (C:\Users\h238397\source\repos-android\QRLable4PartIdentification\.gradle\7.2\executionHistory)" [_thread_blocked, id=32776, stack(0x000000dba2500000,0x000000dba2600000)]
=>0x0000025251a80760 JavaThread "C2 CompilerThread1" daemon [_thread_in_native, id=30500, stack(0x000000db9b700000,0x000000db9b800000)]
  0x0000025255510d00 JavaThread "C2 CompilerThread2" daemon [_thread_in_native, id=31428, stack(0x000000db9b900000,0x000000db9ba00000)]

Other Threads:
  0x000002524dc53f90 VMThread "VM Thread" [stack: 0x000000db99600000,0x000000db99700000] [id=32896]
  0x000002522fac8560 WatcherThread [stack: 0x000000db9a200000,0x000000db9a300000] [id=31312]
  0x000002522fa948e0 GCTaskThread "GC Thread#0" [stack: 0x000000db99100000,0x000000db99200000] [id=24472]
  0x000002524f5ae410 GCTaskThread "GC Thread#1" [stack: 0x000000db9a400000,0x000000db9a500000] [id=31864]
  0x000002524f256f20 GCTaskThread "GC Thread#2" [stack: 0x000000db9a500000,0x000000db9a600000] [id=31136]
  0x000002524f1cff70 GCTaskThread "GC Thread#3" [stack: 0x000000db9a600000,0x000000db9a700000] [id=29956]
  0x000002524f1d09c0 GCTaskThread "GC Thread#4" [stack: 0x000000db9a700000,0x000000db9a800000] [id=17404]
  0x000002524f177970 GCTaskThread "GC Thread#5" [stack: 0x000000db9a800000,0x000000db9a900000] [id=32652]
  0x000002524f4dc330 GCTaskThread "GC Thread#6" [stack: 0x000000db9a900000,0x000000db9aa00000] [id=17676]
  0x000002524f19d060 GCTaskThread "GC Thread#7" [stack: 0x000000db9aa00000,0x000000db9ab00000] [id=28220]
  0x000002522faa6740 ConcurrentGCThread "G1 Main Marker" [stack: 0x000000db99200000,0x000000db99300000] [id=4256]
  0x000002522faa7060 ConcurrentGCThread "G1 Conc#0" [stack: 0x000000db99300000,0x000000db99400000] [id=32256]
  0x0000025250ad4720 ConcurrentGCThread "G1 Conc#1" [stack: 0x000000db9c000000,0x000000db9c100000] [id=26700]
  0x000002522fb2e070 ConcurrentGCThread "G1 Refine#0" [stack: 0x000000db99400000,0x000000db99500000] [id=29032]
  0x000002522fb2e9a0 ConcurrentGCThread "G1 Service" [stack: 0x000000db99500000,0x000000db99600000] [id=11072]

Threads with active compile tasks:
C2 CompilerThread0    21050 9340       4       org.gradle.internal.execution.history.impl.FingerprintMapSerializer::readContentHash (63 bytes)
C2 CompilerThread1    21050 9130   !   4       org.gradle.api.internal.attributes.DefaultImmutableAttributesFactory::doConcatIsolatable (128 bytes)
C2 CompilerThread2    21050 9338       4       org.gradle.internal.execution.history.impl.FingerprintMapSerializer::readFingerprint (96 bytes)

VM state: not at safepoint (normal execution)

VM Mutex/Monitor currently owned by a thread:  ([mutex/lock_event])
[0x000002522fa501c0] CodeCache_lock - owner thread: 0x0000000000000000
[0x000002522fa4f9e0] JNIHandleBlockFreeList_lock - owner thread: 0x0000000000000000

Heap address: 0x0000000080000000, size: 2048 MB, Compressed Oops mode: 32-bit

CDS archive(s) mapped at: [0x0000000800000000-0x0000000800bc0000-0x0000000800bc0000), size 12320768, SharedBaseAddress: 0x0000000800000000, ArchiveRelocationMode: 0.
Compressed class space mapped at: 0x0000000800c00000-0x0000000840c00000, reserved size: 1073741824
Narrow klass base: 0x0000000800000000, Narrow klass shift: 0, Narrow klass range: 0x100000000

GC Precious Log:
 CPUs: 8 total, 8 available
 Memory: 24419M
 Large Page Support: Disabled
 NUMA Support: Disabled
 Compressed Oops: Enabled (32-bit)
 Heap Region Size: 1M
 Heap Min Capacity: 8M
 Heap Initial Capacity: 382M
 Heap Max Capacity: 2G
 Pre-touch: Disabled
 Parallel Workers: 8
 Concurrent Workers: 2
 Concurrent Refinement Workers: 8
 Periodic GC: Disabled

Heap:
 garbage-first heap   total 167936K, used 111317K [0x0000000080000000, 0x0000000100000000)
  region size 1024K, 56 young (57344K), 10 survivors (10240K)
 Metaspace       used 69391K, committed 69952K, reserved 1114112K
  class space    used 9583K, committed 9856K, reserved 1048576K

Heap Regions: E=young(eden), S=young(survivor), O=old, HS=humongous(starts), HC=humongous(continues), CS=collection set, F=free, OA=open archive, CA=closed archive, TAMS=top-at-mark-start (previous, next)
|   0|0x0000000080000000, 0x0000000080100000, 0x0000000080100000|100%| O|  |TAMS 0x0000000080100000, 0x0000000080000000| Untracked 
|   1|0x0000000080100000, 0x0000000080200000, 0x0000000080200000|100%| O|  |TAMS 0x0000000080200000, 0x0000000080100000| Untracked 
|   2|0x0000000080200000, 0x0000000080300000, 0x0000000080300000|100%| O|  |TAMS 0x0000000080300000, 0x0000000080200000| Untracked 
|   3|0x0000000080300000, 0x0000000080400000, 0x0000000080400000|100%|HS|  |TAMS 0x0000000080400000, 0x0000000080300000| Complete 
|   4|0x0000000080400000, 0x0000000080500000, 0x0000000080500000|100%|HC|  |TAMS 0x0000000080500000, 0x0000000080400000| Complete 
|   5|0x0000000080500000, 0x0000000080600000, 0x0000000080600000|100%|HC|  |TAMS 0x0000000080600000, 0x0000000080500000| Complete 
|   6|0x0000000080600000, 0x0000000080700000, 0x0000000080700000|100%| O|  |TAMS 0x0000000080700000, 0x0000000080600000| Untracked 
|   7|0x0000000080700000, 0x0000000080800000, 0x0000000080800000|100%| O|  |TAMS 0x0000000080800000, 0x0000000080700000| Untracked 
|   8|0x0000000080800000, 0x0000000080900000, 0x0000000080900000|100%| O|  |TAMS 0x0000000080900000, 0x0000000080800000| Untracked 
|   9|0x0000000080900000, 0x0000000080a00000, 0x0000000080a00000|100%| O|  |TAMS 0x0000000080a00000, 0x0000000080900000| Untracked 
|  10|0x0000000080a00000, 0x0000000080a5dc00, 0x0000000080b00000| 36%| O|  |TAMS 0x0000000080a5dc00, 0x0000000080a00000| Untracked 
|  11|0x0000000080b00000, 0x0000000080c00000, 0x0000000080c00000|100%| O|  |TAMS 0x0000000080c00000, 0x0000000080b00000| Untracked 
|  12|0x0000000080c00000, 0x0000000080d00000, 0x0000000080d00000|100%| O|  |TAMS 0x0000000080d00000, 0x0000000080c00000| Untracked 
|  13|0x0000000080d00000, 0x0000000080e00000, 0x0000000080e00000|100%| O|  |TAMS 0x0000000080e00000, 0x0000000080d00000| Untracked 
|  14|0x0000000080e00000, 0x0000000080f00000, 0x0000000080f00000|100%| O|  |TAMS 0x0000000080f00000, 0x0000000080e00000| Untracked 
|  15|0x0000000080f00000, 0x0000000081000000, 0x0000000081000000|100%| O|  |TAMS 0x0000000081000000, 0x0000000080f00000| Untracked 
|  16|0x0000000081000000, 0x0000000081100000, 0x0000000081100000|100%| O|  |TAMS 0x0000000081100000, 0x0000000081000000| Untracked 
|  17|0x0000000081100000, 0x0000000081200000, 0x0000000081200000|100%| O|  |TAMS 0x0000000081200000, 0x0000000081100000| Untracked 
|  18|0x0000000081200000, 0x0000000081300000, 0x0000000081300000|100%| O|  |TAMS 0x0000000081300000, 0x0000000081200000| Untracked 
|  19|0x0000000081300000, 0x0000000081400000, 0x0000000081400000|100%| O|  |TAMS 0x0000000081400000, 0x0000000081300000| Untracked 
|  20|0x0000000081400000, 0x0000000081500000, 0x0000000081500000|100%| O|  |TAMS 0x0000000081500000, 0x0000000081400000| Untracked 
|  21|0x0000000081500000, 0x0000000081600000, 0x0000000081600000|100%| O|  |TAMS 0x0000000081600000, 0x0000000081500000| Untracked 
|  22|0x0000000081600000, 0x0000000081700000, 0x0000000081700000|100%| O|  |TAMS 0x0000000081700000, 0x0000000081600000| Untracked 
|  23|0x0000000081700000, 0x0000000081800000, 0x0000000081800000|100%| O|  |TAMS 0x0000000081800000, 0x0000000081700000| Untracked 
|  24|0x0000000081800000, 0x0000000081900000, 0x0000000081900000|100%| O|  |TAMS 0x0000000081900000, 0x0000000081800000| Untracked 
|  25|0x0000000081900000, 0x0000000081a00000, 0x0000000081a00000|100%| O|  |TAMS 0x0000000081a00000, 0x0000000081900000| Untracked 
|  26|0x0000000081a00000, 0x0000000081b00000, 0x0000000081b00000|100%|HS|  |TAMS 0x0000000081b00000, 0x0000000081a00000| Complete 
|  27|0x0000000081b00000, 0x0000000081c00000, 0x0000000081c00000|100%|HS|  |TAMS 0x0000000081c00000, 0x0000000081b00000| Complete 
|  28|0x0000000081c00000, 0x0000000081d00000, 0x0000000081d00000|100%|HS|  |TAMS 0x0000000081d00000, 0x0000000081c00000| Complete 
|  29|0x0000000081d00000, 0x0000000081e00000, 0x0000000081e00000|100%| O|  |TAMS 0x0000000081e00000, 0x0000000081d00000| Untracked 
|  30|0x0000000081e00000, 0x0000000081f00000, 0x0000000081f00000|100%| O|  |TAMS 0x0000000081f00000, 0x0000000081e00000| Untracked 
|  31|0x0000000081f00000, 0x0000000082000000, 0x0000000082000000|100%| O|  |TAMS 0x0000000082000000, 0x0000000081f00000| Untracked 
|  32|0x0000000082000000, 0x0000000082100000, 0x0000000082100000|100%| O|  |TAMS 0x0000000082100000, 0x0000000082000000| Untracked 
|  33|0x0000000082100000, 0x0000000082200000, 0x0000000082200000|100%|HS|  |TAMS 0x0000000082200000, 0x0000000082100000| Complete 
|  34|0x0000000082200000, 0x0000000082300000, 0x0000000082300000|100%|HC|  |TAMS 0x0000000082300000, 0x0000000082200000| Complete 
|  35|0x0000000082300000, 0x0000000082400000, 0x0000000082400000|100%| O|  |TAMS 0x0000000082400000, 0x0000000082300000| Untracked 
|  36|0x0000000082400000, 0x0000000082500000, 0x0000000082500000|100%| O|  |TAMS 0x0000000082500000, 0x0000000082400000| Untracked 
|  37|0x0000000082500000, 0x0000000082600000, 0x0000000082600000|100%| O|  |TAMS 0x0000000082600000, 0x0000000082500000| Untracked 
|  38|0x0000000082600000, 0x0000000082700000, 0x0000000082700000|100%| O|  |TAMS 0x0000000082700000, 0x0000000082600000| Untracked 
|  39|0x0000000082700000, 0x0000000082800000, 0x0000000082800000|100%| O|  |TAMS 0x0000000082800000, 0x0000000082700000| Untracked 
|  40|0x0000000082800000, 0x0000000082900000, 0x0000000082900000|100%| O|  |TAMS 0x0000000082900000, 0x0000000082800000| Untracked 
|  41|0x0000000082900000, 0x0000000082a00000, 0x0000000082a00000|100%| O|  |TAMS 0x0000000082a00000, 0x0000000082900000| Untracked 
|  42|0x0000000082a00000, 0x0000000082b00000, 0x0000000082b00000|100%| O|  |TAMS 0x0000000082b00000, 0x0000000082a00000| Untracked 
|  43|0x0000000082b00000, 0x0000000082c00000, 0x0000000082c00000|100%| O|  |TAMS 0x0000000082c00000, 0x0000000082b00000| Untracked 
|  44|0x0000000082c00000, 0x0000000082cd5600, 0x0000000082d00000| 83%| O|  |TAMS 0x0000000082cd5600, 0x0000000082c00000| Untracked 
|  45|0x0000000082d00000, 0x0000000082e00000, 0x0000000082e00000|100%| O|  |TAMS 0x0000000082d00000, 0x0000000082d00000| Untracked 
|  46|0x0000000082e00000, 0x0000000082f00000, 0x0000000082f00000|100%| O|  |TAMS 0x0000000082e00000, 0x0000000082e00000| Untracked 
|  47|0x0000000082f00000, 0x0000000083000000, 0x0000000083000000|100%| O|  |TAMS 0x0000000082f00000, 0x0000000082f00000| Untracked 
|  48|0x0000000083000000, 0x0000000083100000, 0x0000000083100000|100%| O|  |TAMS 0x0000000083000000, 0x0000000083000000| Untracked 
|  49|0x0000000083100000, 0x0000000083200000, 0x0000000083200000|100%| O|  |TAMS 0x0000000083100000, 0x0000000083100000| Untracked 
|  50|0x0000000083200000, 0x0000000083300000, 0x0000000083300000|100%| O|  |TAMS 0x0000000083200000, 0x0000000083200000| Untracked 
|  51|0x0000000083300000, 0x0000000083400000, 0x0000000083400000|100%| O|  |TAMS 0x0000000083300000, 0x0000000083300000| Untracked 
|  52|0x0000000083400000, 0x0000000083500000, 0x0000000083500000|100%| O|  |TAMS 0x0000000083400000, 0x0000000083400000| Untracked 
|  53|0x0000000083500000, 0x0000000083600000, 0x0000000083600000|100%| O|  |TAMS 0x0000000083500000, 0x0000000083500000| Untracked 
|  54|0x0000000083600000, 0x0000000083700000, 0x0000000083700000|100%| O|  |TAMS 0x0000000083600000, 0x0000000083600000| Untracked 
|  55|0x0000000083700000, 0x0000000083782200, 0x0000000083800000| 50%| O|  |TAMS 0x0000000083700000, 0x0000000083700000| Untracked 
|  56|0x0000000083800000, 0x0000000083800000, 0x0000000083900000|  0%| F|  |TAMS 0x0000000083800000, 0x0000000083800000| Untracked 
|  57|0x0000000083900000, 0x0000000083900000, 0x0000000083a00000|  0%| F|  |TAMS 0x0000000083900000, 0x0000000083900000| Untracked 
|  58|0x0000000083a00000, 0x0000000083a00000, 0x0000000083b00000|  0%| F|  |TAMS 0x0000000083a00000, 0x0000000083a00000| Untracked 
|  59|0x0000000083b00000, 0x0000000083b00000, 0x0000000083c00000|  0%| F|  |TAMS 0x0000000083b00000, 0x0000000083b00000| Untracked 
|  60|0x0000000083c00000, 0x0000000083c00000, 0x0000000083d00000|  0%| F|  |TAMS 0x0000000083c00000, 0x0000000083c00000| Untracked 
|  61|0x0000000083d00000, 0x0000000083d00000, 0x0000000083e00000|  0%| F|  |TAMS 0x0000000083d00000, 0x0000000083d00000| Untracked 
|  62|0x0000000083e00000, 0x0000000083e00000, 0x0000000083f00000|  0%| F|  |TAMS 0x0000000083e00000, 0x0000000083e00000| Untracked 
|  63|0x0000000083f00000, 0x0000000083f00000, 0x0000000084000000|  0%| F|  |TAMS 0x0000000083f00000, 0x0000000083f00000| Untracked 
|  64|0x0000000084000000, 0x0000000084000000, 0x0000000084100000|  0%| F|  |TAMS 0x0000000084000000, 0x0000000084000000| Untracked 
|  65|0x0000000084100000, 0x0000000084100000, 0x0000000084200000|  0%| F|  |TAMS 0x0000000084100000, 0x0000000084100000| Untracked 
|  66|0x0000000084200000, 0x0000000084200000, 0x0000000084300000|  0%| F|  |TAMS 0x0000000084200000, 0x0000000084200000| Untracked 
|  67|0x0000000084300000, 0x0000000084300000, 0x0000000084400000|  0%| F|  |TAMS 0x0000000084300000, 0x0000000084300000| Untracked 
|  68|0x0000000084400000, 0x0000000084400000, 0x0000000084500000|  0%| F|  |TAMS 0x0000000084400000, 0x0000000084400000| Untracked 
|  69|0x0000000084500000, 0x0000000084500000, 0x0000000084600000|  0%| F|  |TAMS 0x0000000084500000, 0x0000000084500000| Untracked 
|  70|0x0000000084600000, 0x0000000084600000, 0x0000000084700000|  0%| F|  |TAMS 0x0000000084600000, 0x0000000084600000| Untracked 
|  71|0x0000000084700000, 0x0000000084700000, 0x0000000084800000|  0%| F|  |TAMS 0x0000000084700000, 0x0000000084700000| Untracked 
|  72|0x0000000084800000, 0x0000000084800000, 0x0000000084900000|  0%| F|  |TAMS 0x0000000084800000, 0x0000000084800000| Untracked 
|  73|0x0000000084900000, 0x0000000084900000, 0x0000000084a00000|  0%| F|  |TAMS 0x0000000084900000, 0x0000000084900000| Untracked 
|  74|0x0000000084a00000, 0x0000000084a00000, 0x0000000084b00000|  0%| F|  |TAMS 0x0000000084a00000, 0x0000000084a00000| Untracked 
|  75|0x0000000084b00000, 0x0000000084b00000, 0x0000000084c00000|  0%| F|  |TAMS 0x0000000084b00000, 0x0000000084b00000| Untracked 
|  76|0x0000000084c00000, 0x0000000084c00000, 0x0000000084d00000|  0%| F|  |TAMS 0x0000000084c00000, 0x0000000084c00000| Untracked 
|  77|0x0000000084d00000, 0x0000000084d00000, 0x0000000084e00000|  0%| F|  |TAMS 0x0000000084d00000, 0x0000000084d00000| Untracked 
|  78|0x0000000084e00000, 0x0000000084f00000, 0x0000000084f00000|100%| S|CS|TAMS 0x0000000084e00000, 0x0000000084e00000| Complete 
|  79|0x0000000084f00000, 0x0000000085000000, 0x0000000085000000|100%| S|CS|TAMS 0x0000000084f00000, 0x0000000084f00000| Complete 
|  80|0x0000000085000000, 0x0000000085100000, 0x0000000085100000|100%| S|CS|TAMS 0x0000000085000000, 0x0000000085000000| Complete 
|  81|0x0000000085100000, 0x0000000085200000, 0x0000000085200000|100%| S|CS|TAMS 0x0000000085100000, 0x0000000085100000| Complete 
|  82|0x0000000085200000, 0x0000000085300000, 0x0000000085300000|100%| S|CS|TAMS 0x0000000085200000, 0x0000000085200000| Complete 
|  83|0x0000000085300000, 0x0000000085400000, 0x0000000085400000|100%| S|CS|TAMS 0x0000000085300000, 0x0000000085300000| Complete 
|  84|0x0000000085400000, 0x0000000085400000, 0x0000000085500000|  0%| F|  |TAMS 0x0000000085400000, 0x0000000085400000| Untracked 
|  85|0x0000000085500000, 0x0000000085500000, 0x0000000085600000|  0%| F|  |TAMS 0x0000000085500000, 0x0000000085500000| Untracked 
|  86|0x0000000085600000, 0x0000000085600000, 0x0000000085700000|  0%| F|  |TAMS 0x0000000085600000, 0x0000000085600000| Untracked 
|  87|0x0000000085700000, 0x0000000085700000, 0x0000000085800000|  0%| F|  |TAMS 0x0000000085700000, 0x0000000085700000| Untracked 
|  88|0x0000000085800000, 0x0000000085800000, 0x0000000085900000|  0%| F|  |TAMS 0x0000000085800000, 0x0000000085800000| Untracked 
|  89|0x0000000085900000, 0x0000000085900000, 0x0000000085a00000|  0%| F|  |TAMS 0x0000000085900000, 0x0000000085900000| Untracked 
|  90|0x0000000085a00000, 0x0000000085b00000, 0x0000000085b00000|100%| S|CS|TAMS 0x0000000085a00000, 0x0000000085a00000| Complete 
|  91|0x0000000085b00000, 0x0000000085c00000, 0x0000000085c00000|100%| S|CS|TAMS 0x0000000085b00000, 0x0000000085b00000| Complete 
|  92|0x0000000085c00000, 0x0000000085d00000, 0x0000000085d00000|100%| S|CS|TAMS 0x0000000085c00000, 0x0000000085c00000| Complete 
|  93|0x0000000085d00000, 0x0000000085e00000, 0x0000000085e00000|100%| S|CS|TAMS 0x0000000085d00000, 0x0000000085d00000| Complete 
|  94|0x0000000085e00000, 0x0000000085e00000, 0x0000000085f00000|  0%| F|  |TAMS 0x0000000085e00000, 0x0000000085e00000| Untracked 
|  95|0x0000000085f00000, 0x0000000085f00000, 0x0000000086000000|  0%| F|  |TAMS 0x0000000085f00000, 0x0000000085f00000| Untracked 
|  96|0x0000000086000000, 0x0000000086000000, 0x0000000086100000|  0%| F|  |TAMS 0x0000000086000000, 0x0000000086000000| Untracked 
|  97|0x0000000086100000, 0x0000000086100000, 0x0000000086200000|  0%| F|  |TAMS 0x0000000086100000, 0x0000000086100000| Untracked 
|  98|0x0000000086200000, 0x0000000086200000, 0x0000000086300000|  0%| F|  |TAMS 0x0000000086200000, 0x0000000086200000| Untracked 
|  99|0x0000000086300000, 0x0000000086300000, 0x0000000086400000|  0%| F|  |TAMS 0x0000000086300000, 0x0000000086300000| Untracked 
| 100|0x0000000086400000, 0x0000000086400000, 0x0000000086500000|  0%| F|  |TAMS 0x0000000086400000, 0x0000000086400000| Untracked 
| 101|0x0000000086500000, 0x0000000086500000, 0x0000000086600000|  0%| F|  |TAMS 0x0000000086500000, 0x0000000086500000| Untracked 
| 102|0x0000000086600000, 0x0000000086600000, 0x0000000086700000|  0%| F|  |TAMS 0x0000000086600000, 0x0000000086600000| Untracked 
| 103|0x0000000086700000, 0x0000000086700000, 0x0000000086800000|  0%| F|  |TAMS 0x0000000086700000, 0x0000000086700000| Untracked 
| 104|0x0000000086800000, 0x0000000086800000, 0x0000000086900000|  0%| F|  |TAMS 0x0000000086800000, 0x0000000086800000| Untracked 
| 105|0x0000000086900000, 0x0000000086900000, 0x0000000086a00000|  0%| F|  |TAMS 0x0000000086900000, 0x0000000086900000| Untracked 
| 106|0x0000000086a00000, 0x0000000086a00000, 0x0000000086b00000|  0%| F|  |TAMS 0x0000000086a00000, 0x0000000086a00000| Untracked 
| 107|0x0000000086b00000, 0x0000000086b00000, 0x0000000086c00000|  0%| F|  |TAMS 0x0000000086b00000, 0x0000000086b00000| Untracked 
| 108|0x0000000086c00000, 0x0000000086c00000, 0x0000000086d00000|  0%| F|  |TAMS 0x0000000086c00000, 0x0000000086c00000| Untracked 
| 109|0x0000000086d00000, 0x0000000086d00000, 0x0000000086e00000|  0%| F|  |TAMS 0x0000000086d00000, 0x0000000086d00000| Untracked 
| 110|0x0000000086e00000, 0x0000000086e00000, 0x0000000086f00000|  0%| F|  |TAMS 0x0000000086e00000, 0x0000000086e00000| Untracked 
| 111|0x0000000086f00000, 0x0000000086f00000, 0x0000000087000000|  0%| F|  |TAMS 0x0000000086f00000, 0x0000000086f00000| Untracked 
| 112|0x0000000087000000, 0x0000000087000000, 0x0000000087100000|  0%| F|  |TAMS 0x0000000087000000, 0x0000000087000000| Untracked 
| 113|0x0000000087100000, 0x0000000087100000, 0x0000000087200000|  0%| F|  |TAMS 0x0000000087100000, 0x0000000087100000| Untracked 
| 114|0x0000000087200000, 0x0000000087200000, 0x0000000087300000|  0%| F|  |TAMS 0x0000000087200000, 0x0000000087200000| Untracked 
| 115|0x0000000087300000, 0x0000000087300000, 0x0000000087400000|  0%| F|  |TAMS 0x0000000087300000, 0x0000000087300000| Untracked 
| 116|0x0000000087400000, 0x0000000087400000, 0x0000000087500000|  0%| F|  |TAMS 0x0000000087400000, 0x0000000087400000| Untracked 
| 117|0x0000000087500000, 0x000000008750daa0, 0x0000000087600000|  5%| E|  |TAMS 0x0000000087500000, 0x0000000087500000| Complete 
| 118|0x0000000087600000, 0x0000000087700000, 0x0000000087700000|100%| E|CS|TAMS 0x0000000087600000, 0x0000000087600000| Complete 
| 119|0x0000000087700000, 0x0000000087800000, 0x0000000087800000|100%| E|  |TAMS 0x0000000087700000, 0x0000000087700000| Complete 
| 120|0x0000000087800000, 0x0000000087900000, 0x0000000087900000|100%| E|CS|TAMS 0x0000000087800000, 0x0000000087800000| Complete 
| 121|0x0000000087900000, 0x0000000087a00000, 0x0000000087a00000|100%| E|CS|TAMS 0x0000000087900000, 0x0000000087900000| Complete 
| 122|0x0000000087a00000, 0x0000000087b00000, 0x0000000087b00000|100%| E|CS|TAMS 0x0000000087a00000, 0x0000000087a00000| Complete 
| 123|0x0000000087b00000, 0x0000000087c00000, 0x0000000087c00000|100%| E|CS|TAMS 0x0000000087b00000, 0x0000000087b00000| Complete 
| 124|0x0000000087c00000, 0x0000000087d00000, 0x0000000087d00000|100%| E|CS|TAMS 0x0000000087c00000, 0x0000000087c00000| Complete 
| 125|0x0000000087d00000, 0x0000000087e00000, 0x0000000087e00000|100%| E|CS|TAMS 0x0000000087d00000, 0x0000000087d00000| Complete 
| 126|0x0000000087e00000, 0x0000000087f00000, 0x0000000087f00000|100%| E|CS|TAMS 0x0000000087e00000, 0x0000000087e00000| Complete 
| 127|0x0000000087f00000, 0x0000000088000000, 0x0000000088000000|100%| E|CS|TAMS 0x0000000087f00000, 0x0000000087f00000| Complete 
| 128|0x0000000088000000, 0x0000000088100000, 0x0000000088100000|100%| E|CS|TAMS 0x0000000088000000, 0x0000000088000000| Complete 
| 129|0x0000000088100000, 0x0000000088200000, 0x0000000088200000|100%| E|CS|TAMS 0x0000000088100000, 0x0000000088100000| Complete 
| 130|0x0000000088200000, 0x0000000088300000, 0x0000000088300000|100%| E|CS|TAMS 0x0000000088200000, 0x0000000088200000| Complete 
| 131|0x0000000088300000, 0x0000000088400000, 0x0000000088400000|100%| E|CS|TAMS 0x0000000088300000, 0x0000000088300000| Complete 
| 132|0x0000000088400000, 0x0000000088500000, 0x0000000088500000|100%| E|CS|TAMS 0x0000000088400000, 0x0000000088400000| Complete 
| 133|0x0000000088500000, 0x0000000088600000, 0x0000000088600000|100%| E|CS|TAMS 0x0000000088500000, 0x0000000088500000| Complete 
| 134|0x0000000088600000, 0x0000000088700000, 0x0000000088700000|100%| E|CS|TAMS 0x0000000088600000, 0x0000000088600000| Complete 
| 135|0x0000000088700000, 0x0000000088800000, 0x0000000088800000|100%| E|CS|TAMS 0x0000000088700000, 0x0000000088700000| Complete 
| 136|0x0000000088800000, 0x0000000088900000, 0x0000000088900000|100%| E|CS|TAMS 0x0000000088800000, 0x0000000088800000| Complete 
| 137|0x0000000088900000, 0x0000000088a00000, 0x0000000088a00000|100%| E|CS|TAMS 0x0000000088900000, 0x0000000088900000| Complete 
| 138|0x0000000088a00000, 0x0000000088b00000, 0x0000000088b00000|100%| E|CS|TAMS 0x0000000088a00000, 0x0000000088a00000| Complete 
| 139|0x0000000088b00000, 0x0000000088c00000, 0x0000000088c00000|100%| E|CS|TAMS 0x0000000088b00000, 0x0000000088b00000| Complete 
| 140|0x0000000088c00000, 0x0000000088d00000, 0x0000000088d00000|100%| E|CS|TAMS 0x0000000088c00000, 0x0000000088c00000| Complete 
| 141|0x0000000088d00000, 0x0000000088e00000, 0x0000000088e00000|100%| E|CS|TAMS 0x0000000088d00000, 0x0000000088d00000| Complete 
| 142|0x0000000088e00000, 0x0000000088f00000, 0x0000000088f00000|100%| E|CS|TAMS 0x0000000088e00000, 0x0000000088e00000| Complete 
| 143|0x0000000088f00000, 0x0000000089000000, 0x0000000089000000|100%| E|CS|TAMS 0x0000000088f00000, 0x0000000088f00000| Complete 
| 144|0x0000000089000000, 0x0000000089100000, 0x0000000089100000|100%| E|CS|TAMS 0x0000000089000000, 0x0000000089000000| Complete 
| 145|0x0000000089100000, 0x0000000089200000, 0x0000000089200000|100%| E|CS|TAMS 0x0000000089100000, 0x0000000089100000| Complete 
| 146|0x0000000089200000, 0x0000000089300000, 0x0000000089300000|100%| E|CS|TAMS 0x0000000089200000, 0x0000000089200000| Complete 
| 147|0x0000000089300000, 0x0000000089400000, 0x0000000089400000|100%| E|CS|TAMS 0x0000000089300000, 0x0000000089300000| Complete 
| 148|0x0000000089400000, 0x0000000089500000, 0x0000000089500000|100%| E|CS|TAMS 0x0000000089400000, 0x0000000089400000| Complete 
| 149|0x0000000089500000, 0x0000000089600000, 0x0000000089600000|100%| E|CS|TAMS 0x0000000089500000, 0x0000000089500000| Complete 
| 150|0x0000000089600000, 0x0000000089700000, 0x0000000089700000|100%| E|CS|TAMS 0x0000000089600000, 0x0000000089600000| Complete 
| 151|0x0000000089700000, 0x0000000089800000, 0x0000000089800000|100%| E|CS|TAMS 0x0000000089700000, 0x0000000089700000| Complete 
| 152|0x0000000089800000, 0x0000000089900000, 0x0000000089900000|100%| E|CS|TAMS 0x0000000089800000, 0x0000000089800000| Complete 
| 153|0x0000000089900000, 0x0000000089a00000, 0x0000000089a00000|100%| E|CS|TAMS 0x0000000089900000, 0x0000000089900000| Complete 
| 154|0x0000000089a00000, 0x0000000089b00000, 0x0000000089b00000|100%| E|CS|TAMS 0x0000000089a00000, 0x0000000089a00000| Complete 
| 155|0x0000000089b00000, 0x0000000089c00000, 0x0000000089c00000|100%| E|CS|TAMS 0x0000000089b00000, 0x0000000089b00000| Complete 
| 156|0x0000000089c00000, 0x0000000089d00000, 0x0000000089d00000|100%| E|CS|TAMS 0x0000000089c00000, 0x0000000089c00000| Complete 
| 157|0x0000000089d00000, 0x0000000089e00000, 0x0000000089e00000|100%| E|CS|TAMS 0x0000000089d00000, 0x0000000089d00000| Complete 
| 158|0x0000000089e00000, 0x0000000089f00000, 0x0000000089f00000|100%| E|CS|TAMS 0x0000000089e00000, 0x0000000089e00000| Complete 
| 159|0x0000000089f00000, 0x000000008a000000, 0x000000008a000000|100%| E|CS|TAMS 0x0000000089f00000, 0x0000000089f00000| Complete 
| 160|0x000000008a000000, 0x000000008a100000, 0x000000008a100000|100%| E|CS|TAMS 0x000000008a000000, 0x000000008a000000| Complete 
| 161|0x000000008a100000, 0x000000008a200000, 0x000000008a200000|100%| E|CS|TAMS 0x000000008a100000, 0x000000008a100000| Complete 
| 277|0x0000000091500000, 0x0000000091600000, 0x0000000091600000|100%| E|CS|TAMS 0x0000000091500000, 0x0000000091500000| Complete 
| 381|0x0000000097d00000, 0x0000000097e00000, 0x0000000097e00000|100%| E|CS|TAMS 0x0000000097d00000, 0x0000000097d00000| Complete 

Card table byte_map: [0x00000252469e0000,0x0000025246de0000] _byte_map_base: 0x00000252465e0000

Marking Bits (Prev, Next): (CMBitMap*) 0x000002522fa95e10, (CMBitMap*) 0x000002522fa95e50
 Prev Bits: [0x00000252471e0000, 0x00000252491e0000)
 Next Bits: [0x00000252491e0000, 0x000002524b1e0000)

Polling page: 0x000002522f230000

Metaspace:

Usage:
  Non-class:     58.42 MB used.
      Class:      9.36 MB used.
       Both:     67.77 MB used.

Virtual space:
  Non-class space:       64.00 MB reserved,      58.75 MB ( 92%) committed,  8 nodes.
      Class space:        1.00 GB reserved,       9.62 MB ( <1%) committed,  1 nodes.
             Both:        1.06 GB reserved,      68.38 MB (  6%) committed. 

Chunk freelists:
   Non-Class:  1.11 MB
       Class:  2.22 MB
        Both:  3.33 MB

MaxMetaspaceSize: unlimited
CompressedClassSpaceSize: 1.00 GB
Initial GC threshold: 21.00 MB
Current GC threshold: 75.00 MB
CDS: on
MetaspaceReclaimPolicy: balanced
 - commit_granule_bytes: 65536.
 - commit_granule_words: 8192.
 - virtual_space_node_default_size: 1048576.
 - enlarge_chunks_in_place: 1.
 - new_chunks_are_fully_committed: 0.
 - uncommit_free_chunks: 1.
 - use_allocation_guard: 0.
 - handle_deallocations: 1.


Internal statistics:

num_allocs_failed_limit: 6.
num_arena_births: 704.
num_arena_deaths: 0.
num_vsnodes_births: 9.
num_vsnodes_deaths: 0.
num_space_committed: 1094.
num_space_uncommitted: 0.
num_chunks_returned_to_freelist: 6.
num_chunks_taken_from_freelist: 3494.
num_chunk_merges: 6.
num_chunk_splits: 2297.
num_chunks_enlarged: 1518.
num_purges: 0.
num_inconsistent_stats: 0.

CodeHeap 'non-profiled nmethods': size=120000Kb used=5358Kb max_used=5358Kb free=114641Kb
 bounds [0x000002523ed80000, 0x000002523f2c0000, 0x00000252462b0000]
CodeHeap 'profiled nmethods': size=120000Kb used=17169Kb max_used=17169Kb free=102830Kb
 bounds [0x0000025237850000, 0x0000025238920000, 0x000002523ed80000]
CodeHeap 'non-nmethods': size=5760Kb used=2360Kb max_used=2442Kb free=3399Kb
 bounds [0x00000252372b0000, 0x0000025237540000, 0x0000025237850000]
 total_blobs=9501 nmethods=8615 adapters=798
 compilation: enabled
              stopped_count=0, restarted_count=0
 full_count=0

Compilation events (20 events):
Event: 20.910 Thread 0x000002524e812020 nmethod 9291 0x00000252388c4390 code [0x00000252388c4540, 0x00000252388c4748]
Event: 20.910 Thread 0x000002524e812020 9293       3       org.gradle.internal.io.StreamByteBuffer$StreamByteBufferChunk::write (25 bytes)
Event: 20.910 Thread 0x000002524e812020 nmethod 9293 0x00000252388c4810 code [0x00000252388c49c0, 0x00000252388c4ba8]
Event: 20.910 Thread 0x000002524e812020 9294       3       org.gradle.cache.internal.btree.StateCheckBlockStore::write (32 bytes)
Event: 20.910 Thread 0x000002524e812020 nmethod 9294 0x00000252388c4c90 code [0x00000252388c4e40, 0x00000252388c5028]
Event: 20.910 Thread 0x000002524e812020 9295       3       org.gradle.cache.internal.btree.FreeListBlockStore::write (16 bytes)
Event: 20.911 Thread 0x000002524e812020 nmethod 9295 0x00000252388c5110 code [0x00000252388c52e0, 0x00000252388c5708]
Event: 20.911 Thread 0x000002524e812020 9300       3       org.gradle.api.internal.collections.AbstractIterationOrderRetainingElementSource$RealizedElementCollectionIterator::next (46 bytes)
Event: 20.912 Thread 0x000002524e812020 nmethod 9300 0x00000252388c5890 code [0x00000252388c5a60, 0x00000252388c5e48]
Event: 20.912 Thread 0x000002524e812020 9301       3       org.gradle.api.internal.collections.AbstractIterationOrderRetainingElementSource$RealizedElementCollectionIterator::checkForComodification (23 bytes)
Event: 20.912 Thread 0x000002524e812020 nmethod 9301 0x00000252388c6010 code [0x00000252388c61c0, 0x00000252388c63e8]
Event: 20.912 Thread 0x000002524e812020 9299       1       org.gradle.execution.plan.Node::getDependencySuccessors (5 bytes)
Event: 20.913 Thread 0x000002524e812020 nmethod 9299 0x000002523f2ac010 code [0x000002523f2ac1a0, 0x000002523f2ac278]
Event: 20.913 Thread 0x000002524e812020 9302       3       java.io.ObjectOutputStream::writeNonProxyDesc (109 bytes)
Event: 20.914 Thread 0x000002524e810660 nmethod 9286 0x000002523f2ac310 code [0x000002523f2ac4c0, 0x000002523f2ac7d8]
Event: 20.914 Thread 0x000002524e810660 9285       4       java.util.stream.AbstractPipeline::wrapAndCopyInto (18 bytes)
Event: 20.917 Thread 0x000002524e812020 nmethod 9302 0x00000252388c6510 code [0x00000252388c6940, 0x00000252388c8618]
Event: 20.917 Thread 0x000002524e812020 9298       1       org.gradle.api.internal.artifacts.dependencies.DefaultSelfResolvingDependency::getFiles (5 bytes)
Event: 20.917 Thread 0x000002524e812020 nmethod 9298 0x000002523f2acb90 code [0x000002523f2acd20, 0x000002523f2acdf8]
Event: 20.920 Thread 0x000002524e812020 9303       3       org.gradle.internal.execution.history.impl.FileSystemSnapshotSerializer::read (6 bytes)

GC Heap History (20 events):
Event: 8.747 GC heap before
{Heap before GC invocations=6 (full 0):
 garbage-first heap   total 75776K, used 53536K [0x0000000080000000, 0x0000000100000000)
  region size 1024K, 29 young (29696K), 3 survivors (3072K)
 Metaspace       used 33631K, committed 33984K, reserved 1081344K
  class space    used 4587K, committed 4736K, reserved 1048576K
}
Event: 8.752 GC heap after
{Heap after GC invocations=7 (full 0):
 garbage-first heap   total 75776K, used 28890K [0x0000000080000000, 0x0000000100000000)
  region size 1024K, 2 young (2048K), 2 survivors (2048K)
 Metaspace       used 33631K, committed 33984K, reserved 1081344K
  class space    used 4587K, committed 4736K, reserved 1048576K
}
Event: 9.349 GC heap before
{Heap before GC invocations=7 (full 0):
 garbage-first heap   total 75776K, used 46298K [0x0000000080000000, 0x0000000100000000)
  region size 1024K, 20 young (20480K), 2 survivors (2048K)
 Metaspace       used 35744K, committed 36096K, reserved 1081344K
  class space    used 4921K, committed 5056K, reserved 1048576K
}
Event: 9.354 GC heap after
{Heap after GC invocations=8 (full 0):
 garbage-first heap   total 75776K, used 29767K [0x0000000080000000, 0x0000000100000000)
  region size 1024K, 3 young (3072K), 3 survivors (3072K)
 Metaspace       used 35744K, committed 36096K, reserved 1081344K
  class space    used 4921K, committed 5056K, reserved 1048576K
}
Event: 10.616 GC heap before
{Heap before GC invocations=9 (full 0):
 garbage-first heap   total 75776K, used 56391K [0x0000000080000000, 0x0000000100000000)
  region size 1024K, 29 young (29696K), 3 survivors (3072K)
 Metaspace       used 37830K, committed 38208K, reserved 1089536K
  class space    used 5203K, committed 5376K, reserved 1048576K
}
Event: 10.622 GC heap after
{Heap after GC invocations=10 (full 0):
 garbage-first heap   total 75776K, used 32013K [0x0000000080000000, 0x0000000100000000)
  region size 1024K, 4 young (4096K), 4 survivors (4096K)
 Metaspace       used 37830K, committed 38208K, reserved 1089536K
  class space    used 5203K, committed 5376K, reserved 1048576K
}
Event: 11.673 GC heap before
{Heap before GC invocations=10 (full 0):
 garbage-first heap   total 75776K, used 60685K [0x0000000080000000, 0x0000000100000000)
  region size 1024K, 28 young (28672K), 4 survivors (4096K)
 Metaspace       used 38339K, committed 38720K, reserved 1089536K
  class space    used 5256K, committed 5440K, reserved 1048576K
}
Event: 11.678 GC heap after
{Heap after GC invocations=11 (full 0):
 garbage-first heap   total 75776K, used 43949K [0x0000000080000000, 0x0000000100000000)
  region size 1024K, 4 young (4096K), 4 survivors (4096K)
 Metaspace       used 38339K, committed 38720K, reserved 1089536K
  class space    used 5256K, committed 5440K, reserved 1048576K
}
Event: 12.040 GC heap before
{Heap before GC invocations=11 (full 0):
 garbage-first heap   total 75776K, used 56237K [0x0000000080000000, 0x0000000100000000)
  region size 1024K, 17 young (17408K), 4 survivors (4096K)
 Metaspace       used 39869K, committed 40256K, reserved 1089536K
  class space    used 5446K, committed 5632K, reserved 1048576K
}
Event: 12.043 GC heap after
{Heap after GC invocations=12 (full 0):
 garbage-first heap   total 75776K, used 45293K [0x0000000080000000, 0x0000000100000000)
  region size 1024K, 2 young (2048K), 2 survivors (2048K)
 Metaspace       used 39869K, committed 40256K, reserved 1089536K
  class space    used 5446K, committed 5632K, reserved 1048576K
}
Event: 12.320 GC heap before
{Heap before GC invocations=13 (full 0):
 garbage-first heap   total 83968K, used 57581K [0x0000000080000000, 0x0000000100000000)
  region size 1024K, 14 young (14336K), 2 survivors (2048K)
 Metaspace       used 41687K, committed 42112K, reserved 1089536K
  class space    used 5683K, committed 5888K, reserved 1048576K
}
Event: 12.323 GC heap after
{Heap after GC invocations=14 (full 0):
 garbage-first heap   total 83968K, used 45813K [0x0000000080000000, 0x0000000100000000)
  region size 1024K, 1 young (1024K), 1 survivors (1024K)
 Metaspace       used 41687K, committed 42112K, reserved 1089536K
  class space    used 5683K, committed 5888K, reserved 1048576K
}
Event: 12.959 GC heap before
{Heap before GC invocations=14 (full 0):
 garbage-first heap   total 83968K, used 65269K [0x0000000080000000, 0x0000000100000000)
  region size 1024K, 20 young (20480K), 1 survivors (1024K)
 Metaspace       used 45159K, committed 45632K, reserved 1089536K
  class space    used 6110K, committed 6336K, reserved 1048576K
}
Event: 12.963 GC heap after
{Heap after GC invocations=15 (full 0):
 garbage-first heap   total 237568K, used 46554K [0x0000000080000000, 0x0000000100000000)
  region size 1024K, 2 young (2048K), 2 survivors (2048K)
 Metaspace       used 45159K, committed 45632K, reserved 1089536K
  class space    used 6110K, committed 6336K, reserved 1048576K
}
Event: 15.263 GC heap before
{Heap before GC invocations=16 (full 0):
 garbage-first heap   total 167936K, used 144858K [0x0000000080000000, 0x0000000100000000)
  region size 1024K, 98 young (100352K), 2 survivors (2048K)
 Metaspace       used 53907K, committed 54400K, reserved 1097728K
  class space    used 7216K, committed 7488K, reserved 1048576K
}
Event: 15.274 GC heap after
{Heap after GC invocations=17 (full 0):
 garbage-first heap   total 167936K, used 55057K [0x0000000080000000, 0x0000000100000000)
  region size 1024K, 10 young (10240K), 10 survivors (10240K)
 Metaspace       used 53907K, committed 54400K, reserved 1097728K
  class space    used 7216K, committed 7488K, reserved 1048576K
}
Event: 17.243 GC heap before
{Heap before GC invocations=17 (full 0):
 garbage-first heap   total 167936K, used 130833K [0x0000000080000000, 0x0000000100000000)
  region size 1024K, 84 young (86016K), 10 survivors (10240K)
 Metaspace       used 61690K, committed 62272K, reserved 1105920K
  class space    used 8449K, committed 8704K, reserved 1048576K
}
Event: 17.260 GC heap after
{Heap after GC invocations=18 (full 0):
 garbage-first heap   total 167936K, used 61157K [0x0000000080000000, 0x0000000100000000)
  region size 1024K, 6 young (6144K), 6 survivors (6144K)
 Metaspace       used 61690K, committed 62272K, reserved 1105920K
  class space    used 8449K, committed 8704K, reserved 1048576K
}
Event: 19.913 GC heap before
{Heap before GC invocations=18 (full 0):
 garbage-first heap   total 167936K, used 132837K [0x0000000080000000, 0x0000000100000000)
  region size 1024K, 76 young (77824K), 6 survivors (6144K)
 Metaspace       used 68819K, committed 69376K, reserved 1114112K
  class space    used 9539K, committed 9792K, reserved 1048576K
}
Event: 19.926 GC heap after
{Heap after GC invocations=19 (full 0):
 garbage-first heap   total 167936K, used 66261K [0x0000000080000000, 0x0000000100000000)
  region size 1024K, 10 young (10240K), 10 survivors (10240K)
 Metaspace       used 68819K, committed 69376K, reserved 1114112K
  class space    used 9539K, committed 9792K, reserved 1048576K
}

Deoptimization events (20 events):
Event: 20.880 Thread 0x0000025251f5a990 Uncommon trap: trap_request=0xffffffde fr.pc=0x000002523f28007c relative=0x00000000000010bc
Event: 20.880 Thread 0x0000025251f5a990 Uncommon trap: reason=class_check action=maybe_recompile pc=0x000002523f28007c method=org.gradle.internal.snapshot.ChildMap$Entry.handleAncestorDescendantOrExactMatch(Lorg/gradle/internal/snapshot/VfsRelativePath;Lorg/gradle/internal/snapshot/CaseSensitiv
Event: 20.880 Thread 0x0000025251f5a990 DEOPT PACKING pc=0x000002523f28007c sp=0x000000dba1efc610
Event: 20.880 Thread 0x0000025251f5a990 DEOPT UNPACKING pc=0x00000252373023a3 sp=0x000000dba1efc5e8 mode 2
Event: 20.900 Thread 0x0000025251f5a990 Uncommon trap: trap_request=0xffffffd6 fr.pc=0x000002523f2a1bb0 relative=0x0000000000000770
Event: 20.900 Thread 0x0000025251f5a990 Uncommon trap: reason=array_check action=maybe_recompile pc=0x000002523f2a1bb0 method=java.util.TimSort.binarySort([Ljava/lang/Object;IIILjava/util/Comparator;)V @ 215 c2
Event: 20.900 Thread 0x0000025251f5a990 DEOPT PACKING pc=0x000002523f2a1bb0 sp=0x000000dba1efa480
Event: 20.900 Thread 0x0000025251f5a990 DEOPT UNPACKING pc=0x00000252373023a3 sp=0x000000dba1efa418 mode 2
Event: 20.900 Thread 0x0000025251f5a990 Uncommon trap: trap_request=0xffffff45 fr.pc=0x000002523f21baf4 relative=0x00000000000005b4
Event: 20.900 Thread 0x0000025251f5a990 Uncommon trap: reason=unstable_if action=reinterpret pc=0x000002523f21baf4 method=sun.security.provider.DigestBase.engineUpdate([BII)V @ 1 c2
Event: 20.900 Thread 0x0000025251f5a990 DEOPT PACKING pc=0x000002523f21baf4 sp=0x000000dba1ef9c60
Event: 20.900 Thread 0x0000025251f5a990 DEOPT UNPACKING pc=0x00000252373023a3 sp=0x000000dba1ef9c18 mode 2
Event: 20.908 Thread 0x0000025251f5a990 Uncommon trap: trap_request=0xffffffd6 fr.pc=0x000002523f2a1bb0 relative=0x0000000000000770
Event: 20.908 Thread 0x0000025251f5a990 Uncommon trap: reason=array_check action=maybe_recompile pc=0x000002523f2a1bb0 method=java.util.TimSort.binarySort([Ljava/lang/Object;IIILjava/util/Comparator;)V @ 215 c2
Event: 20.908 Thread 0x0000025251f5a990 DEOPT PACKING pc=0x000002523f2a1bb0 sp=0x000000dba1efad40
Event: 20.908 Thread 0x0000025251f5a990 DEOPT UNPACKING pc=0x00000252373023a3 sp=0x000000dba1efacd8 mode 2
Event: 20.908 Thread 0x0000025251f5a990 Uncommon trap: trap_request=0xffffffde fr.pc=0x000002523f28007c relative=0x00000000000010bc
Event: 20.908 Thread 0x0000025251f5a990 Uncommon trap: reason=class_check action=maybe_recompile pc=0x000002523f28007c method=org.gradle.internal.snapshot.ChildMap$Entry.handleAncestorDescendantOrExactMatch(Lorg/gradle/internal/snapshot/VfsRelativePath;Lorg/gradle/internal/snapshot/CaseSensitiv
Event: 20.908 Thread 0x0000025251f5a990 DEOPT PACKING pc=0x000002523f28007c sp=0x000000dba1efc830
Event: 20.908 Thread 0x0000025251f5a990 DEOPT UNPACKING pc=0x00000252373023a3 sp=0x000000dba1efc808 mode 2

Classes unloaded (0 events):
No events

Classes redefined (0 events):
No events

Internal exceptions (20 events):
Event: 18.189 Thread 0x000002524fe292a0 Implicit null exception at 0x000002523f1831d3 to 0x000002523f185d48
Event: 18.520 Thread 0x00000252509cc550 Exception <a 'java/lang/NoSuchMethodError'{0x0000000087bcd3d8}: static Lorg/gradle/internal/build/event/types/DefaultTaskStartedProgressEvent;.<clinit>()V> (0x0000000087bcd3d8) 
thrown [t:\workspace\open\src\hotspot\share\prims\jni.cpp, line 1107]
Event: 18.523 Thread 0x00000252509cc550 Exception <a 'java/lang/NoSuchMethodError'{0x0000000087bd7cd0}: static Lorg/gradle/internal/build/event/types/DefaultTaskDescriptor;.<clinit>()V> (0x0000000087bd7cd0) 
thrown [t:\workspace\open\src\hotspot\share\prims\jni.cpp, line 1107]
Event: 18.533 Thread 0x00000252509cc550 Exception <a 'java/lang/NoSuchMethodError'{0x0000000087a334e0}: static Lorg/gradle/internal/build/event/types/DefaultTaskFinishedProgressEvent;.<clinit>()V> (0x0000000087a334e0) 
thrown [t:\workspace\open\src\hotspot\share\prims\jni.cpp, line 1107]
Event: 18.536 Thread 0x00000252509cc550 Exception <a 'java/lang/NoSuchMethodError'{0x0000000087a5a640}: static Lorg/gradle/internal/build/event/types/DefaultTaskSuccessResult;.<clinit>()V> (0x0000000087a5a640) 
thrown [t:\workspace\open\src\hotspot\share\prims\jni.cpp, line 1107]
Event: 18.536 Thread 0x00000252509cc550 Exception <a 'java/lang/NoSuchMethodError'{0x0000000087a5bd70}: static Lorg/gradle/internal/build/event/types/AbstractTaskResult;.<clinit>()V> (0x0000000087a5bd70) 
thrown [t:\workspace\open\src\hotspot\share\prims\jni.cpp, line 1107]
Event: 18.560 Thread 0x0000025251f5f690 Exception <a 'java/lang/NoSuchMethodError'{0x000000008792c020}: static Lcom/android/ide/common/attribution/AndroidGradlePluginAttributionData$BuildInfo;.<clinit>()V> (0x000000008792c020) 
thrown [t:\workspace\open\src\hotspot\share\prims\jni.cpp, line 1107]
Event: 18.565 Thread 0x0000025251f5f690 Exception <a 'java/lang/NoSuchMethodError'{0x000000008797fb10}: static Lcom/android/ide/common/attribution/AndroidGradlePluginAttributionData$JavaInfo;.<clinit>()V> (0x000000008797fb10) 
thrown [t:\workspace\open\src\hotspot\share\prims\jni.cpp, line 1107]
Event: 18.569 Thread 0x0000025251f5f690 Exception <a 'java/lang/NoSuchMethodError'{0x00000000879a1208}: static [Ljava/lang/String;.<clinit>()V> (0x00000000879a1208) 
thrown [t:\workspace\open\src\hotspot\share\prims\jni.cpp, line 1107]
Event: 18.572 Thread 0x0000025251f5a990 Exception <a 'java/lang/IncompatibleClassChangeError'{0x000000008796e5a8}: Found class java.lang.Object, but interface was expected> (0x000000008796e5a8) 
thrown [t:\workspace\open\src\hotspot\share\interpreter\linkResolver.cpp, line 833]
Event: 18.572 Thread 0x0000025251f5f690 Exception <a 'java/lang/NoSuchMethodError'{0x00000000879a7ec0}: 'void java.lang.invoke.DirectMethodHandle$Holder.invokeSpecial(java.lang.Object, java.lang.Object, java.lang.Object, int)'> (0x00000000879a7ec0) 
thrown [t:\workspace\open\src\hotspot\share\interpreter\linkResolver.cpp, line 766]
Event: 18.615 Thread 0x00000252509cc550 Exception <a 'java/lang/NoSuchMethodError'{0x00000000878acca8}: static Lorg/gradle/internal/build/event/types/DefaultTaskSkippedResult;.<clinit>()V> (0x00000000878acca8) 
thrown [t:\workspace\open\src\hotspot\share\prims\jni.cpp, line 1107]
Event: 18.618 Thread 0x0000025251f5a990 Exception <a 'java/lang/NoSuchMethodError'{0x000000008789bf58}: 'java.lang.Object java.lang.invoke.DirectMethodHandle$Holder.invokeInterface(java.lang.Object, java.lang.Object, int)'> (0x000000008789bf58) 
thrown [t:\workspace\open\src\hotspot\share\interpreter\linkResolver.cpp, line 766]
Event: 18.621 Thread 0x0000025251f5a990 Exception <a 'java/lang/NoSuchMethodError'{0x00000000878d7a78}: 'void java.lang.invoke.DirectMethodHandle$Holder.invokeStatic(java.lang.Object, java.lang.Object, java.lang.Object, int)'> (0x00000000878d7a78) 
thrown [t:\workspace\open\src\hotspot\share\interpreter\linkResolver.cpp, line 766]
Event: 18.691 Thread 0x0000025251f5a990 Exception <a 'java/lang/IncompatibleClassChangeError'{0x00000000877ab5f8}: Found class java.lang.Object, but interface was expected> (0x00000000877ab5f8) 
thrown [t:\workspace\open\src\hotspot\share\interpreter\linkResolver.cpp, line 833]
Event: 18.701 Thread 0x0000025251f5a990 Exception <a 'java/lang/IncompatibleClassChangeError'{0x00000000877dbce8}: Found class java.lang.Object, but interface was expected> (0x00000000877dbce8) 
thrown [t:\workspace\open\src\hotspot\share\interpreter\linkResolver.cpp, line 833]
Event: 18.843 Thread 0x0000025251f5a990 Exception <a 'java/lang/NoSuchMethodError'{0x0000000087544d80}: 'int java.lang.invoke.DirectMethodHandle$Holder.invokeStaticInit(java.lang.Object, java.lang.Object, java.lang.Object, java.lang.Object, java.lang.Object)'> (0x0000000087544d80) 
thrown [t:\workspace\open\src\hotspot\share\interpreter\linkResolver.cpp, line 766]
Event: 19.443 Thread 0x0000025251f5a990 Exception <a 'java/lang/NoSuchMethodError'{0x0000000086f0c1d0}: 'void java.lang.invoke.DirectMethodHandle$Holder.invokeStatic(java.lang.Object, java.lang.Object, java.lang.Object, java.lang.Object, int, java.lang.Object, java.lang.Object)'> (0x0000000086f0c1d0) 
thrown [t:\workspace\open\src\hotspot\share\interpreter\linkResolver.cpp, line 766]
Event: 19.556 Thread 0x000002525436ca40 Exception <a 'java/lang/NoSuchMethodError'{0x000000008692c438}: 'java.lang.Object java.lang.invoke.DirectMethodHandle$Holder.invokeSpecialIFC(java.lang.Object, java.lang.Object, java.lang.Object)'> (0x000000008692c438) 
thrown [t:\workspace\open\src\hotspot\share\interpreter\linkResolver.cpp, line 766]
Event: 19.726 Thread 0x000002525436ca40 Exception <a 'java/lang/NoSuchMethodError'{0x00000000865d6a20}: 'void java.lang.invoke.DirectMethodHandle$Holder.invokeVirtual(java.lang.Object, java.lang.Object)'> (0x00000000865d6a20) 
thrown [t:\workspace\open\src\hotspot\share\interpreter\linkResolver.cpp, line 766]

VM Operations (20 events):
Event: 20.268 Executing VM operation: ICBufferFull
Event: 20.268 Executing VM operation: ICBufferFull done
Event: 20.333 Executing VM operation: ICBufferFull
Event: 20.333 Executing VM operation: ICBufferFull done
Event: 20.368 Executing VM operation: ICBufferFull
Event: 20.369 Executing VM operation: ICBufferFull done
Event: 20.449 Executing VM operation: ICBufferFull
Event: 20.451 Executing VM operation: ICBufferFull done
Event: 20.506 Executing VM operation: ICBufferFull
Event: 20.507 Executing VM operation: ICBufferFull done
Event: 20.553 Executing VM operation: ICBufferFull
Event: 20.554 Executing VM operation: ICBufferFull done
Event: 20.612 Executing VM operation: ICBufferFull
Event: 20.612 Executing VM operation: ICBufferFull done
Event: 20.647 Executing VM operation: ICBufferFull
Event: 20.647 Executing VM operation: ICBufferFull done
Event: 20.655 Executing VM operation: ICBufferFull
Event: 20.655 Executing VM operation: ICBufferFull done
Event: 20.722 Executing VM operation: ICBufferFull
Event: 20.723 Executing VM operation: ICBufferFull done

Events (20 events):
Event: 18.717 loading class com/sun/org/apache/xerces/internal/util/URI
Event: 18.718 loading class com/sun/org/apache/xerces/internal/util/URI done
Event: 18.718 loading class java/net/HttpURLConnection
Event: 18.719 loading class java/net/HttpURLConnection done
Event: 18.721 loading class sun/net/ProgressMonitor
Event: 18.721 loading class sun/net/ProgressMonitor done
Event: 18.721 loading class sun/net/DefaultProgressMeteringPolicy
Event: 18.721 loading class sun/net/ProgressMeteringPolicy
Event: 18.722 loading class sun/net/ProgressMeteringPolicy done
Event: 18.722 loading class sun/net/DefaultProgressMeteringPolicy done
Event: 19.253 Thread 0x000002524f1f9020 Thread exited: 0x000002524f1f9020
Event: 19.254 Thread 0x0000025251a80760 Thread exited: 0x0000025251a80760
Event: 19.428 loading class java/nio/file/FileTreeWalker$1
Event: 19.428 loading class java/nio/file/FileTreeWalker$1 done
Event: 19.435 Thread 0x0000025251a80760 Thread added: 0x0000025251a80760
Event: 19.765 loading class jdk/internal/access/foreign/MemorySegmentProxy
Event: 19.766 loading class jdk/internal/access/foreign/MemorySegmentProxy done
Event: 20.152 Thread 0x0000025255510d00 Thread added: 0x0000025255510d00
Event: 20.703 loading class java/util/stream/SortedOps$SizedRefSortingSink
Event: 20.704 loading class java/util/stream/SortedOps$SizedRefSortingSink done


Dynamic libraries:
0x00007ff700a00000 - 0x00007ff700a10000 	C:\Program Files\Java\jdk-17.0.2\bin\java.exe
0x00007ffd30d90000 - 0x00007ffd30f85000 	C:\WINDOWS\SYSTEM32\ntdll.dll
0x00007ffd30c70000 - 0x00007ffd30d2e000 	C:\WINDOWS\System32\KERNEL32.DLL
0x00007ffd2e930000 - 0x00007ffd2ebf8000 	C:\WINDOWS\System32\KERNELBASE.dll
0x00007ffd2e6c0000 - 0x00007ffd2e7c0000 	C:\WINDOWS\System32\ucrtbase.dll
0x00007ffd22ad0000 - 0x00007ffd22aea000 	C:\Program Files\Java\jdk-17.0.2\bin\VCRUNTIME140.dll
0x00007ffd17100000 - 0x00007ffd17118000 	C:\Program Files\Java\jdk-17.0.2\bin\jli.dll
0x00007ffd30ac0000 - 0x00007ffd30b6e000 	C:\WINDOWS\System32\ADVAPI32.dll
0x00007ffd2f300000 - 0x00007ffd2f39e000 	C:\WINDOWS\System32\msvcrt.dll
0x00007ffd30b70000 - 0x00007ffd30c0c000 	C:\WINDOWS\System32\sechost.dll
0x00007ffd2fb80000 - 0x00007ffd2fca5000 	C:\WINDOWS\System32\RPCRT4.dll
0x00007ffd2f850000 - 0x00007ffd2f9f0000 	C:\WINDOWS\System32\USER32.dll
0x00007ffd2e7f0000 - 0x00007ffd2e812000 	C:\WINDOWS\System32\win32u.dll
0x00007ffd18480000 - 0x00007ffd1871a000 	C:\WINDOWS\WinSxS\amd64_microsoft.windows.common-controls_6595b64144ccf1df_6.0.19041.1110_none_60b5254171f9507e\COMCTL32.dll
0x00007ffd2fda0000 - 0x00007ffd2fdcb000 	C:\WINDOWS\System32\GDI32.dll
0x00007ffd2e820000 - 0x00007ffd2e92b000 	C:\WINDOWS\System32\gdi32full.dll
0x00007ffd2e4b0000 - 0x00007ffd2e54d000 	C:\WINDOWS\System32\msvcp_win.dll
0x00007ffd234b0000 - 0x00007ffd234ba000 	C:\WINDOWS\SYSTEM32\VERSION.dll
0x00007ffd2f270000 - 0x00007ffd2f2a0000 	C:\WINDOWS\System32\IMM32.DLL
0x00007ffd27a50000 - 0x00007ffd27a5c000 	C:\Program Files\Java\jdk-17.0.2\bin\vcruntime140_1.dll
0x00007ffcf3ce0000 - 0x00007ffcf3d6d000 	C:\Program Files\Java\jdk-17.0.2\bin\msvcp140.dll
0x00007ffcadca0000 - 0x00007ffcae861000 	C:\Program Files\Java\jdk-17.0.2\bin\server\jvm.dll
0x00007ffd2f7d0000 - 0x00007ffd2f7d8000 	C:\WINDOWS\System32\PSAPI.DLL
0x00007ffd16610000 - 0x00007ffd16637000 	C:\WINDOWS\SYSTEM32\WINMM.dll
0x00007ffd14e70000 - 0x00007ffd14e79000 	C:\WINDOWS\SYSTEM32\WSOCK32.dll
0x00007ffd2f520000 - 0x00007ffd2f58b000 	C:\WINDOWS\System32\WS2_32.dll
0x00007ffd2cdd0000 - 0x00007ffd2cde2000 	C:\WINDOWS\SYSTEM32\kernel.appcore.dll
0x00007ffd170f0000 - 0x00007ffd170fa000 	C:\Program Files\Java\jdk-17.0.2\bin\jimage.dll
0x00007ffd2c950000 - 0x00007ffd2cb34000 	C:\WINDOWS\SYSTEM32\DBGHELP.DLL
0x00007ffd12940000 - 0x00007ffd1296c000 	C:\WINDOWS\SYSTEM32\dbgcore.DLL
0x00007ffd2ec00000 - 0x00007ffd2ec82000 	C:\WINDOWS\System32\bcryptPrimitives.dll
0x00007ffd07c00000 - 0x00007ffd07c25000 	C:\Program Files\Java\jdk-17.0.2\bin\java.dll
0x00007ffcef0e0000 - 0x00007ffcef1b6000 	C:\Program Files\Java\jdk-17.0.2\bin\jsvml.dll
0x00007ffd30240000 - 0x00007ffd30984000 	C:\WINDOWS\System32\SHELL32.dll
0x00007ffd2c0e0000 - 0x00007ffd2c874000 	C:\WINDOWS\SYSTEM32\windows.storage.dll
0x00007ffd2ef10000 - 0x00007ffd2f264000 	C:\WINDOWS\System32\combase.dll
0x00007ffd2df10000 - 0x00007ffd2df3c000 	C:\WINDOWS\SYSTEM32\Wldp.dll
0x00007ffd2f3a0000 - 0x00007ffd2f44d000 	C:\WINDOWS\System32\SHCORE.dll
0x00007ffd30c10000 - 0x00007ffd30c65000 	C:\WINDOWS\System32\shlwapi.dll
0x00007ffd2e3f0000 - 0x00007ffd2e40f000 	C:\WINDOWS\SYSTEM32\profapi.dll
0x00007ffd04380000 - 0x00007ffd04399000 	C:\Program Files\Java\jdk-17.0.2\bin\net.dll
0x00007ffd2d500000 - 0x00007ffd2d609000 	C:\WINDOWS\SYSTEM32\WINHTTP.dll
0x00007ffd2dc70000 - 0x00007ffd2dcda000 	C:\WINDOWS\system32\mswsock.dll
0x00007ffd04330000 - 0x00007ffd04346000 	C:\Program Files\Java\jdk-17.0.2\bin\nio.dll
0x00007ffd019e0000 - 0x00007ffd019f8000 	C:\Program Files\Java\jdk-17.0.2\bin\zip.dll
0x00007ffd04370000 - 0x00007ffd04380000 	C:\Program Files\Java\jdk-17.0.2\bin\verify.dll
0x00007ffd27a80000 - 0x00007ffd27aa7000 	C:\Users\h238397\.gradle\native\e1d6ef7f7dcc3fd88c89a11ec53ec762bb8ba0a96d01ffa2cd45eb1d1d8dd5c5\windows-amd64\native-platform.dll
0x00007ffcd3c70000 - 0x00007ffcd3db4000 	C:\Users\h238397\.gradle\native\5664cfc778a61ccfe75a443a1ab52a65af34e5dc3c78e0209fed803814484fcb\windows-amd64\native-platform-file-events.dll
0x00007ffcfe520000 - 0x00007ffcfe529000 	C:\Program Files\Java\jdk-17.0.2\bin\management.dll
0x00007ffcf28d0000 - 0x00007ffcf28db000 	C:\Program Files\Java\jdk-17.0.2\bin\management_ext.dll
0x00007ffd2de60000 - 0x00007ffd2de78000 	C:\WINDOWS\SYSTEM32\CRYPTSP.dll
0x00007ffd2d470000 - 0x00007ffd2d4a4000 	C:\WINDOWS\system32\rsaenh.dll
0x00007ffd2e7c0000 - 0x00007ffd2e7e7000 	C:\WINDOWS\System32\bcrypt.dll
0x00007ffd2e3b0000 - 0x00007ffd2e3de000 	C:\WINDOWS\SYSTEM32\USERENV.dll
0x00007ffd2de80000 - 0x00007ffd2de8c000 	C:\WINDOWS\SYSTEM32\CRYPTBASE.dll
0x00007ffd2d910000 - 0x00007ffd2d94b000 	C:\WINDOWS\SYSTEM32\IPHLPAPI.DLL
0x00007ffd2f7e0000 - 0x00007ffd2f7e8000 	C:\WINDOWS\System32\NSI.dll
0x00007ffd24c40000 - 0x00007ffd24c57000 	C:\WINDOWS\SYSTEM32\dhcpcsvc6.DLL
0x00007ffd24a40000 - 0x00007ffd24a5d000 	C:\WINDOWS\SYSTEM32\dhcpcsvc.DLL
0x00007ffd2d960000 - 0x00007ffd2da2a000 	C:\WINDOWS\SYSTEM32\DNSAPI.dll
0x00007ffcf2840000 - 0x00007ffcf284e000 	C:\Program Files\Java\jdk-17.0.2\bin\sunmscapi.dll
0x00007ffd2ec90000 - 0x00007ffd2ede6000 	C:\WINDOWS\System32\CRYPT32.dll
0x00007ffd2df80000 - 0x00007ffd2dfa7000 	C:\WINDOWS\SYSTEM32\ncrypt.dll
0x00007ffd2df40000 - 0x00007ffd2df7b000 	C:\WINDOWS\SYSTEM32\NTASN1.dll
0x00007ffcf2830000 - 0x00007ffcf2837000 	C:\WINDOWS\system32\wshunix.dll

dbghelp: loaded successfully - version: 4.0.5 - missing functions: none
symbol engine: initialized successfully - sym options: 0x614 - pdb path: .;C:\Program Files\Java\jdk-17.0.2\bin;C:\WINDOWS\SYSTEM32;C:\WINDOWS\WinSxS\amd64_microsoft.windows.common-controls_6595b64144ccf1df_6.0.19041.1110_none_60b5254171f9507e;C:\Program Files\Java\jdk-17.0.2\bin\server;C:\Users\h238397\.gradle\native\e1d6ef7f7dcc3fd88c89a11ec53ec762bb8ba0a96d01ffa2cd45eb1d1d8dd5c5\windows-amd64;C:\Users\h238397\.gradle\native\5664cfc778a61ccfe75a443a1ab52a65af34e5dc3c78e0209fed803814484fcb\windows-amd64

VM Arguments:
jvm_args: --add-opens=java.base/java.util=ALL-UNNAMED --add-opens=java.base/java.lang=ALL-UNNAMED --add-opens=java.base/java.lang.invoke=ALL-UNNAMED --add-opens=java.base/java.util=ALL-UNNAMED --add-opens=java.prefs/java.util.prefs=ALL-UNNAMED --add-opens=java.prefs/java.util.prefs=ALL-UNNAMED --add-opens=java.base/java.nio.charset=ALL-UNNAMED --add-opens=java.base/java.net=ALL-UNNAMED --add-opens=java.base/java.util.concurrent.atomic=ALL-UNNAMED -Xmx2048m -Dfile.encoding=UTF-8 -Duser.country=SG -Duser.language=en -Duser.variant 
java_command: org.gradle.launcher.daemon.bootstrap.GradleDaemon 7.2
java_class_path (initial): C:\Users\h238397\.gradle\wrapper\dists\gradle-7.2-bin\2dnblmf4td7x66yl1d74lt32g\gradle-7.2\lib\gradle-launcher-7.2.jar
Launcher Type: SUN_STANDARD

[Global flags]
     intx CICompilerCount                          = 4                                         {product} {ergonomic}
     uint ConcGCThreads                            = 2                                         {product} {ergonomic}
     uint G1ConcRefinementThreads                  = 8                                         {product} {ergonomic}
   size_t G1HeapRegionSize                         = 1048576                                   {product} {ergonomic}
    uintx GCDrainStackTargetSize                   = 64                                        {product} {ergonomic}
   size_t InitialHeapSize                          = 400556032                                 {product} {ergonomic}
   size_t MarkStackSize                            = 4194304                                   {product} {ergonomic}
   size_t MaxHeapSize                              = 2147483648                                {product} {command line}
   size_t MaxNewSize                               = 1287651328                                {product} {ergonomic}
   size_t MinHeapDeltaBytes                        = 1048576                                   {product} {ergonomic}
   size_t MinHeapSize                              = 8388608                                   {product} {ergonomic}
    uintx NonNMethodCodeHeapSize                   = 5839372                                {pd product} {ergonomic}
    uintx NonProfiledCodeHeapSize                  = 122909434                              {pd product} {ergonomic}
    uintx ProfiledCodeHeapSize                     = 122909434                              {pd product} {ergonomic}
    uintx ReservedCodeCacheSize                    = 251658240                              {pd product} {ergonomic}
     bool SegmentedCodeCache                       = true                                      {product} {ergonomic}
   size_t SoftMaxHeapSize                          = 2147483648                             {manageable} {ergonomic}
     bool UseCompressedClassPointers               = true                           {product lp64_product} {ergonomic}
     bool UseCompressedOops                        = true                           {product lp64_product} {ergonomic}
     bool UseG1GC                                  = true                                      {product} {ergonomic}
     bool UseLargePagesIndividualAllocation        = false                                  {pd product} {ergonomic}

Logging:
Log output configuration:
 #0: stdout all=warning uptime,level,tags
 #1: stderr all=off uptime,level,tags

Environment Variables:
JAVA_HOME=C:\Program Files\Java\jdk-17.0.2
CLASSPATH=;C:\Program Files\Zebra FXSeries Host Java SDK\\RFID\bin\Symbol.RFID.API3.jar
PATH=C:\Program Files (x86)\Eazfuscator.NET;C:\Python310\Scripts\;C:\Python310\;C:\Program Files\Microsoft MPI\Bin\;C:\WINDOWS\system32;C:\WINDOWS;C:\WINDOWS\System32\Wbem;C:\WINDOWS\System32\WindowsPowerShell\v1.0\;C:\WINDOWS\System32\OpenSSH\;C:\Program Files\Java\jdk-17.0.2\bin;C:\Program Files\dotnet\;C:\Program Files\Microsoft SQL Server\130\Tools\Binn\;C:\Program Files\Microsoft SQL Server\Client SDK\ODBC\170\Tools\Binn\;C:\Program Files (x86)\Microsoft SQL Server\130\Tools\Binn\;C:\Program Files (x86)\Microsoft SQL Server\130\DTS\Binn\;C:\Program Files\Microsoft SQL Server\130\DTS\Binn\;C:\Program Files\Microsoft SQL Server\Client SDK\ODBC\130\Tools\Binn\;C:\Program Files (x86)\Microsoft SQL Server\Client SDK\ODBC\130\Tools\Binn\;C:\Program Files (x86)\Microsoft SQL Server\140\Tools\Binn\;C:\Program Files (x86)\Microsoft SQL Server\140\DTS\Binn\;C:\Program Files (x86)\Microsoft SQL Server\140\Tools\Binn\ManagementStudio\;C:\gradle-5.6.2\bin;C:\Program Files (x86)\Bitvise SSH Client;C:\ProgramData\chocolatey\bin;C:\Program Files (x86)\Intel\Intel(R) Management Engine Components\DAL;C:\Program Files\Intel\Intel(R) Management Engine Components\DAL;C:\Program Files (x86)\IVI Foundation\VISA\WinNT\Bin\;C:\Program Files\IVI Foundation\VISA\Win64\Bin\;C:\Program Files\Inductive Automation\Ignition;C:\Program Files\WinMerge;C:\Program Files\Git\cmd;C:\Flutter\bin;C:\Android\SDK\tools;C:\Android\SDK\platform-tools;C:\Users\h238397\AppData\Local\Programs\Python\Python39\;C:\Users\h238397\AppData\Local\Programs\Python\Python39\Scripts\;C:\Program Files (x86)\dotnet\;C:\Program Files (x86)\Microsoft SQL Server\150\DTS\Binn\;C:\Program Files\Azure Data Studio\bin;C:\Program Files (x86)\Microsoft SQL Server\80\Tools\Binn\;C:\Program Files (x86)\IVI Foundation\VISA\WinNT\Bin;C:\Program Files\nodejs\;%PGRES_BIN%\bin;%PGRES_BIN%\lib;;%SystemRoot%\system32;%SystemRoot%;%SystemRoot%\System32\Wbem;%SYSTEMROOT%\System32\WindowsPowerShell\v1.0\;%SYSTEMROOT%\System32\OpenSSH\;C:\Progr
USERNAME=H238397
OS=Windows_NT
PROCESSOR_IDENTIFIER=Intel64 Family 6 Model 142 Stepping 10, GenuineIntel



---------------  S Y S T E M  ---------------

OS:
 Windows 10 , 64 bit Build 19041 (10.0.19041.1566)
OS uptime: 0 days 14:45 hours

CPU: total 8 (initial active 8) (4 cores per cpu, 2 threads per core) family 6 model 142 stepping 10 microcode 0xc6, cx8, cmov, fxsr, ht, mmx, 3dnowpref, sse, sse2, sse3, ssse3, sse4.1, sse4.2, popcnt, lzcnt, tsc, tscinvbit, avx, avx2, aes, erms, clmul, bmi1, bmi2, rtm, adx, fma, vzeroupper, clflush, clflushopt

Memory: 4k page, system-wide physical 24419M (6914M free)
TotalPageFile size 28403M (AvailPageFile size 6M)
current process WorkingSet (physical memory assigned to process): 378M, peak: 399M
current process commit charge ("private bytes"): 427M, peak: 571M

vm_info: Java HotSpot(TM) 64-Bit Server VM (17.0.2+8-LTS-86) for windows-amd64 JRE (17.0.2+8-LTS-86), built on Dec  7 2021 21:51:03 by "mach5one" with MS VC++ 16.8 / 16.9 (VS2019)

END.
